2020-10-06 16:57:58,627 : INFO : root : Loading config.
2020-10-06 16:57:58,627 : INFO : YamlMultifileConfigLoader : Machine config file #1: config.yaml
2020-10-06 16:57:58,627 : INFO : ConfigProcessor : Loading config from cache: C:\Users\themi\AppData\Local\Temp\2b6ef079982d662fef43bd5e7e2d4708.mpf_cache
2020-10-06 16:57:59,005 : INFO : ConfigProcessor : Loading config from cache: C:\Users\themi\AppData\Local\Temp\89b9c5cb952cce9fc74d723399719cc6.mpf_cache
2020-10-06 16:57:59,005 : INFO : ConfigProcessor : Loading config from cache: C:\Users\themi\AppData\Local\Temp\4fcecb70f81c3c2fefb8e65ae9a0af5f.mpf_cache
2020-10-06 16:57:59,005 : INFO : ConfigProcessor : Loading config from cache: C:\Users\themi\AppData\Local\Temp\5820a65357aa32f3082a694bbd0b1b93.mpf_cache
2020-10-06 16:57:59,005 : INFO : ConfigProcessor : Loading config from cache: C:\Users\themi\AppData\Local\Temp\2f1df67e0c6599f893aeb5468bc976f9.mpf_cache
2020-10-06 16:57:59,021 : WARNING : ConfigProcessor : Config file in cache changed: c:\GitHub\Cuphead\modes\bonus\config\bonus.yaml
2020-10-06 16:57:59,021 : INFO : ConfigProcessor : Loading config from file c:\users\themi\appdata\local\programs\python\python36\lib\site-packages\mpf\modes\bonus\config\bonus.yaml.
2020-10-06 16:57:59,021 : INFO : ConfigProcessor : Loading config: c:\users\themi\appdata\local\programs\python\python36\lib\site-packages\mpf\modes\bonus\config\bonus.yaml
2020-10-06 16:57:59,021 : INFO : ConfigProcessor : Loading config from file c:\GitHub\Cuphead\modes\bonus\config\bonus.yaml.
2020-10-06 16:57:59,130 : INFO : ConfigProcessor : Loading config: c:\GitHub\Cuphead\modes\bonus\config\bonus.yaml
2020-10-06 16:57:59,130 : INFO : ConfigProcessor : Config file cache created: C:\Users\themi\AppData\Local\Temp\3e28196fea866bd961d93515ab5c664b.mpf_cache
2020-10-06 16:57:59,130 : INFO : ConfigProcessor : Loading config from cache: C:\Users\themi\AppData\Local\Temp\893c92602cb79b5461df4ae912d665e0.mpf_cache
2020-10-06 16:57:59,130 : INFO : ConfigProcessor : Loading config from cache: C:\Users\themi\AppData\Local\Temp\15cb35af48ef2b73a1399ecc64f542cf.mpf_cache
2020-10-06 16:57:59,130 : INFO : ConfigProcessor : Loading config from cache: C:\Users\themi\AppData\Local\Temp\8f78dc3447c1c9fe6775dbe5408c12e9.mpf_cache
2020-10-06 16:57:59,130 : INFO : ConfigProcessor : Loading config from cache: C:\Users\themi\AppData\Local\Temp\459e0fbd95aa261661d4ec522fde7178.mpf_cache
2020-10-06 16:57:59,146 : INFO : ConfigProcessor : Loading config from cache: C:\Users\themi\AppData\Local\Temp\bc011c11c9e34bbd89eedfa08565ed62.mpf_cache
2020-10-06 16:57:59,146 : INFO : ConfigProcessor : Loading config from cache: C:\Users\themi\AppData\Local\Temp\6f009ec52b9ccf4b89f291e4051b3241.mpf_cache
2020-10-06 16:57:59,161 : INFO : ConfigProcessor : Loading config from cache: C:\Users\themi\AppData\Local\Temp\c2ce7139d0aaca9aa552320269b3f50d.mpf_cache
2020-10-06 16:57:59,177 : INFO : ConfigProcessor : Loading config from cache: C:\Users\themi\AppData\Local\Temp\2b7bf9166be80f4b554569a332b23de4.mpf_cache
2020-10-06 16:57:59,177 : INFO : ConfigProcessor : Loading config from cache: C:\Users\themi\AppData\Local\Temp\c546e3aedc6779039624162d0203f540.mpf_cache
2020-10-06 16:57:59,177 : INFO : ConfigProcessor : Loading config from cache: C:\Users\themi\AppData\Local\Temp\abdfe7fa7b37a4a193490f565dc0597d.mpf_cache
2020-10-06 16:57:59,177 : INFO : ConfigProcessor : Loading config from cache: C:\Users\themi\AppData\Local\Temp\4342b421d288ce5a4483067739b72cdd.mpf_cache
2020-10-06 16:57:59,193 : INFO : ConfigProcessor : Loading config from cache: C:\Users\themi\AppData\Local\Temp\368aa16bb3be9e41d99a527245060f83.mpf_cache
2020-10-06 16:57:59,193 : INFO : ConfigProcessor : Loading config from cache: C:\Users\themi\AppData\Local\Temp\d0e012eb2507157abb0bb72425aaf5b2.mpf_cache
2020-10-06 16:57:59,193 : INFO : ConfigProcessor : Loading config from cache: C:\Users\themi\AppData\Local\Temp\0f1b51b912b71211c13fe22b9a37b50a.mpf_cache
2020-10-06 16:57:59,193 : INFO : ConfigProcessor : Loading config from cache: C:\Users\themi\AppData\Local\Temp\10ee2574e78165e598e7a995071a74cc.mpf_cache
2020-10-06 16:57:59,193 : INFO : ConfigProcessor : Loading config from cache: C:\Users\themi\AppData\Local\Temp\a266cad92e011305e896e67dddfd4a6c.mpf_cache
2020-10-06 16:57:59,208 : INFO : ConfigProcessor : Loading config from cache: C:\Users\themi\AppData\Local\Temp\7ee3e0eba3dedef43a01da4ffa491384.mpf_cache
2020-10-06 16:57:59,208 : INFO : ConfigProcessor : Loading config from cache: C:\Users\themi\AppData\Local\Temp\13fd6d25ddf06daef684ee2be33938b7.mpf_cache
2020-10-06 16:57:59,208 : INFO : ConfigProcessor : Loading config from cache: C:\Users\themi\AppData\Local\Temp\0b0cb9dce530fd5533b52f679ba6d4c7.mpf_cache
2020-10-06 16:57:59,208 : INFO : ConfigProcessor : Loading config from cache: C:\Users\themi\AppData\Local\Temp\6448a7490ccbbf7c92ae3827fedf65d7.mpf_cache
2020-10-06 16:57:59,208 : INFO : ConfigProcessor : Loading config from cache: C:\Users\themi\AppData\Local\Temp\cbfe20b556c038913af5118889400ccc.mpf_cache
2020-10-06 16:57:59,208 : INFO : ConfigProcessor : Loading config from cache: C:\Users\themi\AppData\Local\Temp\db00c3dd6414ff9cfb2bf542763a8a69.mpf_cache
2020-10-06 16:57:59,224 : INFO : ConfigProcessor : Loading config from cache: C:\Users\themi\AppData\Local\Temp\1fa5e27674b4aa7d98e43b722406aa74.mpf_cache
2020-10-06 16:57:59,224 : INFO : ConfigProcessor : Loading config from cache: C:\Users\themi\AppData\Local\Temp\5883b660032b5311c8838643c5c4f04e.mpf_cache
2020-10-06 16:57:59,224 : INFO : ConfigProcessor : Loading config from cache: C:\Users\themi\AppData\Local\Temp\49716d4cb57f232d2d55ea4b85c0bf9a.mpf_cache
2020-10-06 16:57:59,239 : INFO : ConfigProcessor : Loading config from cache: C:\Users\themi\AppData\Local\Temp\02d9d2d34f4e72c61edea96a1832348d.mpf_cache
2020-10-06 16:57:59,239 : INFO : ConfigProcessor : Loading config from cache: C:\Users\themi\AppData\Local\Temp\75ddffbe1d195e10645833a8c787820e.mpf_cache
2020-10-06 16:57:59,239 : INFO : ConfigProcessor : Loading config from cache: C:\Users\themi\AppData\Local\Temp\383ac4b0678bf6b0edc3780467155495.mpf_cache
2020-10-06 16:57:59,239 : INFO : Machine : Mission Pinball Framework Core Engine v0.54.0-dev.72
2020-10-06 16:57:59,239 : INFO : Machine : Command line arguments: {'no_load_cache': False, 'create_config_cache': True, 'bcp': True, 'configfile': ['config.yaml'], 'force_assets_load': False, 'jsonlogging': False, 'logfile': 'logs\\2020-10-06-16-57-58-mpf-LAPTOP-C39PEUFD.log', 'pause': False, 'production': False, 'text_ui': True, 'loglevel': 15, 'consoleloglevel': 20, 'force_platform': 'smart_virtual', 'syslog_address': None, 'mc_file_name': None, 'no_sound': False}
2020-10-06 16:57:59,239 : INFO : Machine : MPF path: c:\users\themi\appdata\local\programs\python\python36\lib\site-packages\mpf
2020-10-06 16:57:59,239 : INFO : Machine : Machine path: c:\GitHub\Cuphead
2020-10-06 16:57:59,239 : INFO : Machine : Platform: win32
2020-10-06 16:57:59,239 : INFO : Machine : Python executable location: c:\users\themi\appdata\local\programs\python\python36\python.exe
2020-10-06 16:57:59,239 : INFO : Machine : Python version: 3.6.4 (64-bit)
2020-10-06 16:57:59,255 : INFO : Machine : Initialise MPF.
2020-10-06 16:58:00,318 : INFO : EventManager : Event: ======'machine_var_credits_string'====== Args={'value': 'FREE PLAY', 'prev_value': None, 'change': True}
2020-10-06 16:58:00,474 : INFO : EventManager : Event: ======'machine_var_player1_score'====== Args={'value': 52810, 'prev_value': None, 'change': True}
2020-10-06 16:58:00,474 : INFO : EventManager : Event: ======'machine_var_mpf_version'====== Args={'value': 'MPF v0.54.0-dev.72', 'prev_value': None, 'change': True}
2020-10-06 16:58:00,474 : INFO : EventManager : Event: ======'machine_var_mpf_extended_version'====== Args={'value': 'MPF v0.54.0-dev.72, Config version:5, Show version: 5, BCP version:1.1', 'prev_value': None, 'change': True}
2020-10-06 16:58:00,474 : INFO : EventManager : Event: ======'machine_var_python_version'====== Args={'value': '3.6.4', 'prev_value': None, 'change': True}
2020-10-06 16:58:00,474 : INFO : EventManager : Event: ======'machine_var_platform'====== Args={'value': 'Windows-10-10.0.18362-SP0', 'prev_value': None, 'change': True}
2020-10-06 16:58:00,474 : INFO : EventManager : Event: ======'machine_var_platform_system'====== Args={'value': 'Windows', 'prev_value': None, 'change': True}
2020-10-06 16:58:00,474 : INFO : EventManager : Event: ======'machine_var_platform_release'====== Args={'value': '10', 'prev_value': None, 'change': True}
2020-10-06 16:58:00,474 : INFO : EventManager : Event: ======'machine_var_platform_version'====== Args={'value': '10.0.18362', 'prev_value': None, 'change': True}
2020-10-06 16:58:00,474 : INFO : EventManager : Event: ======'machine_var_platform_machine'====== Args={'value': 'AMD64', 'prev_value': None, 'change': True}
2020-10-06 16:58:00,474 : INFO : EventManager : Event: ======'init_phase_1'====== Args={}
2020-10-06 16:58:00,693 : INFO : EventManager : Event: ======'drop_target_bank_cup_bank_up'====== Args={}
2020-10-06 16:58:00,693 : INFO : EventManager : Event: ======'drop_target_bank_mug_bank_up'====== Args={}
2020-10-06 16:58:00,708 : INFO : EventManager : Event: ======'init_phase_2'====== Args={}
2020-10-06 16:58:00,708 : INFO : SwitchController : Found active switch: ('2', <Platform.SmartVirtual>)
2020-10-06 16:58:00,708 : INFO : SwitchController : Found active switch: ('3', <Platform.SmartVirtual>)
2020-10-06 16:58:00,755 : INFO : EventManager : Event: ======'bcp_connection_attempt'====== Args={'name': 'local_display', 'host': 'localhost', 'port': 5050}
2020-10-06 16:58:00,771 : INFO : BCPClientSocket : Connecting BCP to 'local_display' at localhost:5050...
2020-10-06 16:58:29,141 : INFO : BCPClientSocket : Connected BCP to 'local_display' localhost:5050
2020-10-06 16:58:29,142 : INFO : EventManager : Event: ======'bcp_clients_connected'====== Args={}
2020-10-06 16:58:29,211 : INFO : EventManager : Event: ======'machine_var_mc_version'====== Args={'value': 'MPF-MC v0.54.0-dev.20', 'prev_value': None, 'change': True}
2020-10-06 16:58:29,211 : INFO : EventManager : Event: ======'machine_var_mc_extended_version'====== Args={'value': 'MPF-MC v0.54.0-dev.20 (config_version=5, BCP v1.1, Requires MPF v0.54.0-dev.68)', 'prev_value': None, 'change': True}
2020-10-06 16:58:29,231 : INFO : EventManager : Event: ======'machine_var_master_volume'====== Args={'value': 0.5, 'prev_value': None, 'change': True}
2020-10-06 16:58:29,232 : INFO : ball_device.bd_trough : State: idle
2020-10-06 16:58:29,260 : INFO : ball_device.bd_plunger : State: idle
2020-10-06 16:58:29,354 : INFO : EventManager : Event: ======'init_phase_3'====== Args={}
2020-10-06 16:58:29,368 : INFO : EventManager : Event: ======'init_phase_4'====== Args={}
2020-10-06 16:58:29,371 : INFO : EventManager : Event: ======'machine_var_audits_events_game_ended'====== Args={'value': 21, 'prev_value': None, 'change': True}
2020-10-06 16:58:29,372 : INFO : EventManager : Event: ======'machine_var_audits_events_game_started'====== Args={'value': 40, 'prev_value': None, 'change': True}
2020-10-06 16:58:29,372 : INFO : EventManager : Event: ======'machine_var_audits_player_score'====== Args={'value': {'average': 530.4761904761905, 'top': [2970, 1300, 1220, 980, 880, 780, 720, 710, 630, 590], 'total': 21}, 'prev_value': None, 'change': True}
2020-10-06 16:58:29,373 : INFO : EventManager : Event: ======'machine_var_audits_shots_soul_L'====== Args={'value': 375, 'prev_value': None, 'change': True}
2020-10-06 16:58:29,373 : INFO : EventManager : Event: ======'machine_var_audits_shots_soul_O'====== Args={'value': 381, 'prev_value': None, 'change': True}
2020-10-06 16:58:29,374 : INFO : EventManager : Event: ======'machine_var_audits_shots_soul_S'====== Args={'value': 417, 'prev_value': None, 'change': True}
2020-10-06 16:58:29,375 : INFO : EventManager : Event: ======'machine_var_audits_shots_soul_U'====== Args={'value': 378, 'prev_value': None, 'change': True}
2020-10-06 16:58:29,375 : INFO : EventManager : Event: ======'machine_var_audits_switches_s_coin'====== Args={'value': 21, 'prev_value': None, 'change': True}
2020-10-06 16:58:29,376 : INFO : EventManager : Event: ======'machine_var_audits_switches_s_dash_L'====== Args={'value': 0, 'prev_value': None, 'change': True}
2020-10-06 16:58:29,377 : INFO : EventManager : Event: ======'machine_var_audits_switches_s_dash_R'====== Args={'value': 0, 'prev_value': None, 'change': True}
2020-10-06 16:58:29,378 : INFO : EventManager : Event: ======'machine_var_audits_switches_s_dtSling_L'====== Args={'value': 0, 'prev_value': None, 'change': True}
2020-10-06 16:58:29,378 : INFO : EventManager : Event: ======'machine_var_audits_switches_s_dtSling_R'====== Args={'value': 0, 'prev_value': None, 'change': True}
2020-10-06 16:58:29,379 : INFO : EventManager : Event: ======'machine_var_audits_switches_s_dt_C'====== Args={'value': 290, 'prev_value': None, 'change': True}
2020-10-06 16:58:29,380 : INFO : EventManager : Event: ======'machine_var_audits_switches_s_dt_G'====== Args={'value': 68, 'prev_value': None, 'change': True}
2020-10-06 16:58:29,380 : INFO : EventManager : Event: ======'machine_var_audits_switches_s_dt_M'====== Args={'value': 69, 'prev_value': None, 'change': True}
2020-10-06 16:58:29,381 : INFO : EventManager : Event: ======'machine_var_audits_switches_s_dt_P'====== Args={'value': 267, 'prev_value': None, 'change': True}
2020-10-06 16:58:29,382 : INFO : EventManager : Event: ======'machine_var_audits_switches_s_dt_U'====== Args={'value': 279, 'prev_value': None, 'change': True}
2020-10-06 16:58:29,383 : INFO : EventManager : Event: ======'machine_var_audits_switches_s_dt_U2'====== Args={'value': 61, 'prev_value': None, 'change': True}
2020-10-06 16:58:29,383 : INFO : EventManager : Event: ======'machine_var_audits_switches_s_exit_shooter_lane'====== Args={'value': 434, 'prev_value': None, 'change': True}
2020-10-06 16:58:29,384 : INFO : EventManager : Event: ======'machine_var_audits_switches_s_inLane_L'====== Args={'value': 0, 'prev_value': None, 'change': True}
2020-10-06 16:58:29,385 : INFO : EventManager : Event: ======'machine_var_audits_switches_s_inLane_R'====== Args={'value': 0, 'prev_value': None, 'change': True}
2020-10-06 16:58:29,385 : INFO : EventManager : Event: ======'machine_var_audits_switches_s_kicker'====== Args={'value': 0, 'prev_value': None, 'change': True}
2020-10-06 16:58:29,386 : INFO : EventManager : Event: ======'machine_var_audits_switches_s_left_flipper'====== Args={'value': 151, 'prev_value': None, 'change': True}
2020-10-06 16:58:29,387 : INFO : EventManager : Event: ======'machine_var_audits_switches_s_midRight'====== Args={'value': 0, 'prev_value': None, 'change': True}
2020-10-06 16:58:29,388 : INFO : EventManager : Event: ======'machine_var_audits_switches_s_outLane_L'====== Args={'value': 0, 'prev_value': None, 'change': True}
2020-10-06 16:58:29,388 : INFO : EventManager : Event: ======'machine_var_audits_switches_s_outLane_R'====== Args={'value': 0, 'prev_value': None, 'change': True}
2020-10-06 16:58:29,389 : INFO : EventManager : Event: ======'machine_var_audits_switches_s_perdition'====== Args={'value': 0, 'prev_value': None, 'change': True}
2020-10-06 16:58:29,391 : INFO : EventManager : Event: ======'machine_var_audits_switches_s_playfield'====== Args={'value': 0, 'prev_value': None, 'change': True}
2020-10-06 16:58:29,392 : INFO : EventManager : Event: ======'machine_var_audits_switches_s_plunger'====== Args={'value': 709, 'prev_value': None, 'change': True}
2020-10-06 16:58:29,393 : INFO : EventManager : Event: ======'machine_var_audits_switches_s_popBumper_1'====== Args={'value': 566, 'prev_value': None, 'change': True}
2020-10-06 16:58:29,394 : INFO : EventManager : Event: ======'machine_var_audits_switches_s_popBumper_2'====== Args={'value': 492, 'prev_value': None, 'change': True}
2020-10-06 16:58:29,395 : INFO : EventManager : Event: ======'machine_var_audits_switches_s_popBumper_3'====== Args={'value': 222, 'prev_value': None, 'change': True}
2020-10-06 16:58:29,396 : INFO : EventManager : Event: ======'machine_var_audits_switches_s_pop_bumper1'====== Args={'value': 120, 'prev_value': None, 'change': True}
2020-10-06 16:58:29,397 : INFO : EventManager : Event: ======'machine_var_audits_switches_s_pop_bumper2'====== Args={'value': 153, 'prev_value': None, 'change': True}
2020-10-06 16:58:29,398 : INFO : EventManager : Event: ======'machine_var_audits_switches_s_pop_bumper3'====== Args={'value': 100, 'prev_value': None, 'change': True}
2020-10-06 16:58:29,399 : INFO : EventManager : Event: ======'machine_var_audits_switches_s_right_flipper'====== Args={'value': 221, 'prev_value': None, 'change': True}
2020-10-06 16:58:29,400 : INFO : EventManager : Event: ======'machine_var_audits_switches_s_sling_L'====== Args={'value': 0, 'prev_value': None, 'change': True}
2020-10-06 16:58:29,401 : INFO : EventManager : Event: ======'machine_var_audits_switches_s_sling_R'====== Args={'value': 0, 'prev_value': None, 'change': True}
2020-10-06 16:58:29,401 : INFO : EventManager : Event: ======'machine_var_audits_switches_s_soul_L'====== Args={'value': 376, 'prev_value': None, 'change': True}
2020-10-06 16:58:29,402 : INFO : EventManager : Event: ======'machine_var_audits_switches_s_soul_O'====== Args={'value': 386, 'prev_value': None, 'change': True}
2020-10-06 16:58:29,403 : INFO : EventManager : Event: ======'machine_var_audits_switches_s_soul_S'====== Args={'value': 417, 'prev_value': None, 'change': True}
2020-10-06 16:58:29,404 : INFO : EventManager : Event: ======'machine_var_audits_switches_s_soul_U'====== Args={'value': 378, 'prev_value': None, 'change': True}
2020-10-06 16:58:29,405 : INFO : EventManager : Event: ======'machine_var_audits_switches_s_standUp_1'====== Args={'value': 0, 'prev_value': None, 'change': True}
2020-10-06 16:58:29,405 : INFO : EventManager : Event: ======'machine_var_audits_switches_s_standUp_2'====== Args={'value': 0, 'prev_value': None, 'change': True}
2020-10-06 16:58:29,407 : INFO : EventManager : Event: ======'machine_var_audits_switches_s_standUp_3'====== Args={'value': 0, 'prev_value': None, 'change': True}
2020-10-06 16:58:29,408 : INFO : EventManager : Event: ======'machine_var_audits_switches_s_standUp_R'====== Args={'value': 0, 'prev_value': None, 'change': True}
2020-10-06 16:58:29,409 : INFO : EventManager : Event: ======'machine_var_audits_switches_s_star_1'====== Args={'value': 0, 'prev_value': None, 'change': True}
2020-10-06 16:58:29,410 : INFO : EventManager : Event: ======'machine_var_audits_switches_s_star_2'====== Args={'value': 0, 'prev_value': None, 'change': True}
2020-10-06 16:58:29,411 : INFO : EventManager : Event: ======'machine_var_audits_switches_s_star_3'====== Args={'value': 0, 'prev_value': None, 'change': True}
2020-10-06 16:58:29,412 : INFO : EventManager : Event: ======'machine_var_audits_switches_s_start'====== Args={'value': 69, 'prev_value': None, 'change': True}
2020-10-06 16:58:29,413 : INFO : EventManager : Event: ======'machine_var_audits_switches_s_tilt'====== Args={'value': 0, 'prev_value': None, 'change': True}
2020-10-06 16:58:29,414 : INFO : EventManager : Event: ======'machine_var_audits_switches_s_trough1'====== Args={'value': 619, 'prev_value': None, 'change': True}
2020-10-06 16:58:29,414 : INFO : EventManager : Event: ======'machine_var_audits_switches_s_trough2'====== Args={'value': 72, 'prev_value': None, 'change': True}
2020-10-06 16:58:29,416 : INFO : EventManager : Event: ======'machine_var_audits_switches_s_trough_jam'====== Args={'value': 13, 'prev_value': None, 'change': True}
2020-10-06 16:58:29,417 : INFO : EventManager : Event: ======'init_phase_5'====== Args={}
2020-10-06 16:58:29,446 : INFO : EventManager : Event: ======'init_done'====== Args={}
2020-10-06 16:58:29,447 : INFO : EventManager : Event: ======'machine_reset_phase_1'====== Args={}
2020-10-06 16:58:29,454 : INFO : EventManager : Event: ======'slide_welcome_slide_removed'====== Args={'_from_bcp': True}
2020-10-06 16:58:29,459 : INFO : EventManager : Event: ======'slide_welcome_slide_created'====== Args={'_from_bcp': True}
2020-10-06 16:58:29,462 : INFO : EventManager : Event: ======'machine_reset_phase_2'====== Args={}
2020-10-06 16:58:29,462 : INFO : EventManager : Event: ======'machine_reset_phase_3'====== Args={}
2020-10-06 16:58:29,462 : INFO : drop_target_bank.cup_bank : All targets are already up. Will not reset bank.
2020-10-06 16:58:29,462 : INFO : drop_target_bank.mug_bank : All targets are already up. Will not reset bank.
2020-10-06 16:58:29,463 : INFO : EventManager : Event: ======'reset_complete'====== Args={}
2020-10-06 16:58:29,463 : INFO : EventManager : Event: ======'mode_attract_will_start'====== Args={}
2020-10-06 16:58:29,465 : INFO : EventManager : Event: ======'mode_attract_starting'====== Args={}
2020-10-06 16:58:29,466 : INFO : Mode.attract : Started. Priority: 10
2020-10-06 16:58:29,467 : INFO : EventManager : Event: ======'modes_active_modes_changed'====== Args={}
2020-10-06 16:58:29,468 : INFO : EventManager : Event: ======'mode_attract_started'====== Args={}
2020-10-06 16:58:29,471 : INFO : EventManager : Event: ======'collecting_balls_complete'====== Args={}
2020-10-06 16:58:29,521 : INFO : EventManager : Event: ======'slide_welcome_slide_active'====== Args={'_from_bcp': True}
2020-10-06 16:58:29,522 : INFO : EventManager : Event: ======'slide_awesome_slide_created'====== Args={'_from_bcp': True}
2020-10-06 16:58:29,540 : INFO : Machine : Starting the main run loop.
2020-10-06 16:58:29,555 : INFO : EventManager : Event: ======'slide_awesome_slide_active'====== Args={'_from_bcp': True}
2020-10-06 16:58:29,831 : INFO : BcpServer : New client connected.
2020-10-06 16:58:31,729 : INFO : SwitchController : <<<<<<< 's_start' active >>>>>>>
2020-10-06 16:58:31,840 : INFO : SwitchController : <<<<<<< 's_start' inactive >>>>>>>
2020-10-06 16:58:31,840 : INFO : EventManager : Event: ======'request_to_start_game'====== Args={}
2020-10-06 16:58:31,842 : INFO : EventManager : Event: ======'game_start'====== Args={'buttons': [], 'hold_time': 0.10899999993853271}
2020-10-06 16:58:31,842 : INFO : EventManager : Event: ======'mode_game_will_start'====== Args={'buttons': [], 'hold_time': 0.10899999993853271}
2020-10-06 16:58:31,844 : INFO : EventManager : Event: ======'mode_game_starting'====== Args={'buttons': [], 'hold_time': 0.10899999993853271}
2020-10-06 16:58:31,845 : INFO : EventManager : Event: ======'mode_attract_will_stop'====== Args={}
2020-10-06 16:58:31,845 : INFO : EventManager : Event: ======'mode_attract_stopping'====== Args={}
2020-10-06 16:58:31,846 : INFO : Mode.attract : Stopped.
2020-10-06 16:58:31,846 : INFO : EventManager : Event: ======'modes_active_modes_changed'====== Args={}
2020-10-06 16:58:31,849 : INFO : EventManager : Event: ======'mode_attract_stopped'====== Args={}
2020-10-06 16:58:31,850 : INFO : EventManager : Event: ======'clear'====== Args={'key': 'attract'}
2020-10-06 16:58:31,851 : INFO : Mode.game : Started. Priority: 20
2020-10-06 16:58:31,851 : INFO : EventManager : Event: ======'modes_active_modes_changed'====== Args={}
2020-10-06 16:58:31,851 : INFO : EventManager : Event: ======'mode_game_started'====== Args={'buttons': [], 'hold_time': 0.10899999993853271}
2020-10-06 16:58:31,878 : INFO : EventManager : Event: ======'game_will_start'====== Args={}
2020-10-06 16:58:31,879 : INFO : EventManager : Event: ======'slide_awesome_slide_removed'====== Args={'_from_bcp': True}
2020-10-06 16:58:31,879 : INFO : EventManager : Event: ======'slide_welcome_slide_active'====== Args={'_from_bcp': True}
2020-10-06 16:58:31,888 : INFO : EventManager : Event: ======'game_starting'====== Args={'game': <Mode.game>}
2020-10-06 16:58:31,889 : INFO : EventManager : Event: ======'player_add_request'====== Args={}
2020-10-06 16:58:31,889 : INFO : EventManager : Event: ======'player_will_add'====== Args={'number': 1}
2020-10-06 16:58:31,891 : INFO : EventManager : Event: ======'player_adding'====== Args={'player': <Player 1>, 'number': 1}
2020-10-06 16:58:31,892 : INFO : EventManager : Event: ======'player_added'====== Args={'player': <Player 1>, 'num': 1}
2020-10-06 16:58:31,892 : INFO : Mode.game : Player added successfully. Total players: 1
2020-10-06 16:58:31,893 : INFO : EventManager : Event: ======'player_index'====== Args={'value': 0, 'prev_value': 0, 'change': 0, 'player_num': 1}
2020-10-06 16:58:31,894 : INFO : EventManager : Event: ======'player_number'====== Args={'value': 1, 'prev_value': 1, 'change': 0, 'player_num': 1}
2020-10-06 16:58:31,894 : INFO : EventManager : Event: ======'player_bonus_multiplier'====== Args={'value': 1, 'prev_value': 1, 'change': 0, 'player_num': 1}
2020-10-06 16:58:31,895 : INFO : EventManager : Event: ======'player_contracts'====== Args={'value': 0, 'prev_value': 0, 'change': 0, 'player_num': 1}
2020-10-06 16:58:31,897 : INFO : EventManager : Event: ======'player_score'====== Args={'value': 0, 'prev_value': 0, 'change': 0, 'player_num': 1}
2020-10-06 16:58:31,899 : INFO : EventManager : Event: ======'game_started'====== Args={}
2020-10-06 16:58:31,934 : INFO : EventManager : Event: ======'player_turn_will_start'====== Args={'player': <Player 1>, 'number': 1}
2020-10-06 16:58:31,935 : INFO : EventManager : Event: ======'player_turn_starting'====== Args={'player': <Player 1>, 'number': 1}
2020-10-06 16:58:31,936 : INFO : EventManager : Event: ======'player_ball'====== Args={'value': 1, 'prev_value': 0, 'change': 1, 'player_num': 1}
2020-10-06 16:58:31,937 : INFO : EventManager : Event: ======'player_turn_started'====== Args={'player': <Player 1>, 'number': 1}
2020-10-06 16:58:31,939 : INFO : EventManager : Event: ======'ball_will_start'====== Args={'player': 1, 'ball': 1, 'balls_remaining': 4, 'is_extra_ball': False}
2020-10-06 16:58:31,960 : INFO : EventManager : Event: ======'ball_starting'====== Args={'player': 1, 'ball': 1, 'balls_remaining': 4, 'is_extra_ball': False}
2020-10-06 16:58:31,961 : INFO : EventManager : Event: ======'mode_base_will_start'====== Args={'queue': <QueuedEvent>, 'player': 1, 'ball': 1, 'balls_remaining': 4, 'is_extra_ball': False}
2020-10-06 16:58:31,969 : INFO : EventManager : Event: ======'mode_base_starting'====== Args={'queue': <QueuedEvent>, 'player': 1, 'ball': 1, 'balls_remaining': 4, 'is_extra_ball': False}
2020-10-06 16:58:31,969 : INFO : drop_target_bank.cup_bank : All targets are already up. Will not reset bank.
2020-10-06 16:58:31,970 : INFO : drop_target_bank.mug_bank : All targets are already up. Will not reset bank.
2020-10-06 16:58:31,970 : INFO : EventManager : Event: ======'balls_in_play'====== Args={'balls': 1}
2020-10-06 16:58:31,971 : INFO : EventManager : Event: ======'ball_started'====== Args={'player': 1, 'ball': 1, 'balls_remaining': 4, 'is_extra_ball': False}
2020-10-06 16:58:31,973 : INFO : EventManager : Event: ======'logicblock_bonus_updated'====== Args={'value': 0, 'enabled': True}
2020-10-06 16:58:31,973 : INFO : EventManager : Event: ======'logicblock_bonus_updated'====== Args={'value': 0, 'enabled': True}
2020-10-06 16:58:31,974 : INFO : Mode.base : Started. Priority: 100
2020-10-06 16:58:31,974 : INFO : EventManager : Event: ======'modes_active_modes_changed'====== Args={}
2020-10-06 16:58:31,975 : INFO : EventManager : Event: ======'mode_base_started'====== Args={'queue': <QueuedEvent>, 'player': 1, 'ball': 1, 'balls_remaining': 4, 'is_extra_ball': False}
2020-10-06 16:58:31,976 : INFO : EventManager : Event: ======'mode_soulLanes_will_start'====== Args={'player': 1, 'ball': 1, 'balls_remaining': 4, 'is_extra_ball': False}
2020-10-06 16:58:31,978 : INFO : EventManager : Event: ======'player_shot_soul_S_enabled'====== Args={'value': True, 'prev_value': 0, 'change': 1, 'player_num': 1}
2020-10-06 16:58:31,979 : INFO : EventManager : Event: ======'player_shot_soul_O_enabled'====== Args={'value': True, 'prev_value': 0, 'change': 1, 'player_num': 1}
2020-10-06 16:58:31,981 : INFO : EventManager : Event: ======'player_shot_soul_U_enabled'====== Args={'value': True, 'prev_value': 0, 'change': 1, 'player_num': 1}
2020-10-06 16:58:31,984 : INFO : EventManager : Event: ======'player_shot_soul_L_enabled'====== Args={'value': True, 'prev_value': 0, 'change': 1, 'player_num': 1}
2020-10-06 16:58:31,986 : INFO : EventManager : Event: ======'soul_lanes_complete'====== Args={'state': 'unlit'}
2020-10-06 16:58:31,986 : INFO : EventManager : Event: ======'soul_lanes_unlit_complete'====== Args={}
2020-10-06 16:58:31,992 : INFO : EventManager : Event: ======'mode_soulLanes_starting'====== Args={'player': 1, 'ball': 1, 'balls_remaining': 4, 'is_extra_ball': False}
2020-10-06 16:58:32,031 : INFO : EventManager : Event: ======'logicblock_contarct_counter_updated'====== Args={'value': 1, 'enabled': True}
2020-10-06 16:58:32,032 : INFO : EventManager : Event: ======'logicblock_contarct_counter_updated'====== Args={'value': 1, 'enabled': True}
2020-10-06 16:58:32,033 : INFO : Mode.soulLanes : Started. Priority: 110
2020-10-06 16:58:32,034 : INFO : EventManager : Event: ======'modes_active_modes_changed'====== Args={}
2020-10-06 16:58:32,036 : INFO : EventManager : Event: ======'mode_soulLanes_started'====== Args={'player': 1, 'ball': 1, 'balls_remaining': 4, 'is_extra_ball': False}
2020-10-06 16:58:32,038 : INFO : EventManager : Event: ======'single_player_ball_started'====== Args={}
2020-10-06 16:58:32,095 : INFO : EventManager : Event: ======'player_bonus_multiplier'====== Args={'value': 0, 'prev_value': 1, 'change': -1, 'player_num': 1}
2020-10-06 16:58:32,099 : INFO : EventManager : Event: ======'slide_base.slide_player-mode_base_started_created'====== Args={'_from_bcp': True}
2020-10-06 16:58:32,100 : INFO : EventManager : Event: ======'slide_base.slide_player-mode_base_started_active'====== Args={'_from_bcp': True}
2020-10-06 16:58:32,101 : INFO : ball_device.bd_plunger : Setting up player-controlled eject. Balls: 1, Target: <playfield.playfield>, player_controlled_eject_event: None
2020-10-06 16:58:32,102 : INFO : EventManager : Event: ======'balldevice_balls_available'====== Args={}
2020-10-06 16:58:32,160 : INFO : ball_device.bd_trough : State: waiting_for_target_ready
2020-10-06 16:58:32,161 : INFO : EventManager : Event: ======'balldevice_bd_trough_ball_eject_attempt'====== Args={'balls': 1, 'target': <ball_device.bd_plunger>, 'source': <ball_device.bd_trough>, 'mechanical_eject': True, 'num_attempts': 0}
2020-10-06 16:58:32,162 : INFO : ball_device.bd_plunger : State: waiting_for_ball
2020-10-06 16:58:32,163 : INFO : ball_device.bd_trough : State: ejecting
2020-10-06 16:58:32,163 : INFO : ball_device.bd_trough : Ejecting ball to <ball_device.bd_plunger>
2020-10-06 16:58:32,164 : INFO : EventManager : Event: ======'balldevice_bd_trough_ejecting_ball'====== Args={'balls': 1, 'target': <ball_device.bd_plunger>, 'source': <ball_device.bd_trough>, 'mechanical_eject': True, 'num_attempts': 0}
2020-10-06 16:58:32,168 : INFO : ball_device.bd_trough : Wait for ball to leave device
2020-10-06 16:58:32,168 : INFO : coil.c_trough_eject : Pulsing Driver for 20ms (1.0 pulse_power)
2020-10-06 16:58:32,169 : INFO : SwitchController : <<<<<<< 's_trough1' inactive >>>>>>>
2020-10-06 16:58:32,190 : INFO : ball_device.bd_trough : State: ball_left
2020-10-06 16:58:32,191 : INFO : ball_device.bd_trough : Ball left
2020-10-06 16:58:32,191 : INFO : ball_device.bd_trough : Wait for confirm with timeout 10.0
2020-10-06 16:58:32,252 : INFO : SwitchController : <<<<<<< 's_plunger' active >>>>>>>
2020-10-06 16:58:32,252 : INFO : EventManager : Event: ======'machine_var_audits_switches_s_plunger'====== Args={'value': 710, 'prev_value': 709, 'change': 1}
2020-10-06 16:58:32,756 : INFO : ball_device.bd_plunger : Received ball from <ball_device.bd_trough>
2020-10-06 16:58:32,757 : INFO : EventManager : Event: ======'balldevice_bd_plunger_ball_enter'====== Args={'new_balls': 1, 'unclaimed_balls': 0, 'new_available_balls': 0, 'device': <ball_device.bd_plunger>}
2020-10-06 16:58:32,758 : INFO : EventManager : Event: ======'balldevice_bd_plunger_ball_entered'====== Args={'new_balls': 0, 'device': <ball_device.bd_plunger>}
2020-10-06 16:58:32,759 : INFO : EventManager : Event: ======'balldevice_bd_plunger_ball_count_changed'====== Args={'balls': 1}
2020-10-06 16:58:32,760 : INFO : ball_device.bd_trough : Got eject confirm
2020-10-06 16:58:32,760 : INFO : ball_device.bd_trough : Eject successful
2020-10-06 16:58:32,760 : INFO : EventManager : Event: ======'balldevice_bd_trough_ball_eject_success'====== Args={'balls': 1, 'target': <ball_device.bd_plunger>}
2020-10-06 16:58:32,761 : INFO : EventManager : Event: ======'balldevice_bd_trough_ball_count_changed'====== Args={'balls': 1}
2020-10-06 16:58:32,762 : INFO : ball_device.bd_trough : State: idle
2020-10-06 16:58:32,763 : INFO : ball_device.bd_plunger : State: waiting_for_target_ready
2020-10-06 16:58:32,763 : INFO : EventManager : Event: ======'balldevice_bd_plunger_ball_eject_attempt'====== Args={'balls': 1, 'target': <playfield.playfield>, 'source': <ball_device.bd_plunger>, 'mechanical_eject': True, 'num_attempts': 0}
2020-10-06 16:58:32,765 : INFO : ball_device.bd_plunger : State: ejecting
2020-10-06 16:58:32,767 : INFO : ball_device.bd_plunger : Ejecting ball to <playfield.playfield>
2020-10-06 16:58:32,768 : INFO : EventManager : Event: ======'balldevice_bd_plunger_ejecting_ball'====== Args={'balls': 1, 'target': <playfield.playfield>, 'source': <ball_device.bd_plunger>, 'mechanical_eject': True, 'num_attempts': 0}
2020-10-06 16:58:32,770 : INFO : ball_device.bd_plunger : Wait for ball to leave device
2020-10-06 16:58:40,784 : INFO : SwitchController : <<<<<<< 's_plunger' inactive >>>>>>>
2020-10-06 16:58:40,803 : INFO : ball_device.bd_plunger : State: ball_left
2020-10-06 16:58:40,803 : INFO : ball_device.bd_plunger : Ball left
2020-10-06 16:58:40,804 : INFO : ball_device.bd_plunger : Wait for confirm with timeout 10.0
2020-10-06 16:58:43,197 : INFO : SwitchController : <<<<<<< 's_exit_shooter_lane' active >>>>>>>
2020-10-06 16:58:43,197 : INFO : EventManager : Event: ======'sw_playfield_active'====== Args={}
2020-10-06 16:58:43,198 : INFO : EventManager : Event: ======'machine_var_audits_switches_s_exit_shooter_lane'====== Args={'value': 435, 'prev_value': 434, 'change': 1}
2020-10-06 16:58:43,200 : INFO : EventManager : Event: ======'playfield_active'====== Args={}
2020-10-06 16:58:43,227 : INFO : ball_device.bd_plunger : Got eject confirm
2020-10-06 16:58:43,228 : INFO : ball_device.bd_plunger : Eject successful
2020-10-06 16:58:43,228 : INFO : EventManager : Event: ======'balldevice_bd_plunger_ball_eject_success'====== Args={'balls': 1, 'target': <playfield.playfield>}
2020-10-06 16:58:43,229 : INFO : EventManager : Event: ======'balldevice_playfield_ball_enter'====== Args={'new_balls': 1, 'unclaimed_balls': 1, 'device': <playfield.playfield>}
2020-10-06 16:58:43,229 : INFO : EventManager : Event: ======'playfield_ball_count_change'====== Args={'balls': 1, 'change': 1}
2020-10-06 16:58:43,231 : INFO : EventManager : Event: ======'balldevice_bd_plunger_ball_count_changed'====== Args={'balls': 0}
2020-10-06 16:58:43,231 : INFO : ball_device.bd_plunger : State: idle
2020-10-06 16:58:43,518 : INFO : SwitchController : <<<<<<< 's_exit_shooter_lane' inactive >>>>>>>
2020-10-06 16:58:47,085 : INFO : SwitchController : <<<<<<< 's_dt_C' active >>>>>>>
2020-10-06 16:58:47,085 : INFO : EventManager : Event: ======'s_dt_C_active'====== Args={}
2020-10-06 16:58:47,088 : INFO : EventManager : Event: ======'drop_target_cup_C_down'====== Args={'device': <drop_target.cup_C>}
2020-10-06 16:58:47,090 : INFO : EventManager : Event: ======'drop_target_bank_cup_bank_mixed'====== Args={'down': 1}
2020-10-06 16:58:47,091 : INFO : EventManager : Event: ======'machine_var_audits_switches_s_dt_C'====== Args={'value': 291, 'prev_value': 290, 'change': 1}
2020-10-06 16:58:47,093 : INFO : EventManager : Event: ======'player_score'====== Args={'value': 100, 'prev_value': 0, 'change': 100, 'player_num': 1}
2020-10-06 16:58:48,233 : INFO : SwitchController : <<<<<<< 's_dt_U' active >>>>>>>
2020-10-06 16:58:48,234 : INFO : EventManager : Event: ======'s_dt_U_active'====== Args={}
2020-10-06 16:58:48,235 : INFO : EventManager : Event: ======'drop_target_cup_U_down'====== Args={'device': <drop_target.cup_U>}
2020-10-06 16:58:48,237 : INFO : EventManager : Event: ======'drop_target_bank_cup_bank_mixed'====== Args={'down': 2}
2020-10-06 16:58:48,238 : INFO : EventManager : Event: ======'machine_var_audits_switches_s_dt_U'====== Args={'value': 280, 'prev_value': 279, 'change': 1}
2020-10-06 16:58:48,244 : INFO : EventManager : Event: ======'player_score'====== Args={'value': 200, 'prev_value': 100, 'change': 100, 'player_num': 1}
2020-10-06 16:58:49,373 : INFO : SwitchController : <<<<<<< 's_dt_P' active >>>>>>>
2020-10-06 16:58:49,373 : INFO : EventManager : Event: ======'s_dt_P_active'====== Args={}
2020-10-06 16:58:49,374 : INFO : EventManager : Event: ======'drop_target_cup_P_down'====== Args={'device': <drop_target.cup_P>}
2020-10-06 16:58:49,378 : INFO : EventManager : Event: ======'drop_target_bank_cup_bank_down'====== Args={}
2020-10-06 16:58:49,379 : INFO : EventManager : Event: ======'machine_var_audits_switches_s_dt_P'====== Args={'value': 268, 'prev_value': 267, 'change': 1}
2020-10-06 16:58:49,380 : INFO : EventManager : Event: ======'player_score'====== Args={'value': 300, 'prev_value': 200, 'change': 100, 'player_num': 1}
2020-10-06 16:58:49,381 : INFO : EventManager : Event: ======'player_contracts'====== Args={'value': 1, 'prev_value': 0, 'change': 1, 'player_num': 1}
2020-10-06 16:58:49,382 : INFO : EventManager : Event: ======'logicblock_bonus_updated'====== Args={'value': 1, 'enabled': True}
2020-10-06 16:58:49,382 : INFO : EventManager : Event: ======'bank_done'====== Args={'count': 1, 'remaining': 9}
2020-10-06 16:58:49,385 : INFO : drop_target_bank.cup_bank : 3 targets are down. Will reset those.
2020-10-06 16:58:49,386 : INFO : coil.c_dt_reset_CUP : Pulsing Driver for 10ms (1.0 pulse_power)
2020-10-06 16:58:49,432 : INFO : SwitchController : <<<<<<< 's_dt_C' inactive >>>>>>>
2020-10-06 16:58:49,433 : INFO : SwitchController : <<<<<<< 's_dt_U' inactive >>>>>>>
2020-10-06 16:58:49,433 : INFO : SwitchController : <<<<<<< 's_dt_P' inactive >>>>>>>
2020-10-06 16:58:49,860 : INFO : EventManager : Event: ======'restore'====== Args={}
2020-10-06 16:58:49,861 : INFO : EventManager : Event: ======'drop_target_bank_cup_bank_down'====== Args={}
2020-10-06 16:58:49,862 : INFO : EventManager : Event: ======'player_contracts'====== Args={'value': 2, 'prev_value': 1, 'change': 1, 'player_num': 1}
2020-10-06 16:58:49,863 : INFO : EventManager : Event: ======'logicblock_bonus_updated'====== Args={'value': 2, 'enabled': True}
2020-10-06 16:58:49,863 : INFO : EventManager : Event: ======'bank_done'====== Args={'count': 2, 'remaining': 8}
2020-10-06 16:58:49,865 : INFO : drop_target_bank.cup_bank : 3 targets are down. Will reset those.
2020-10-06 16:58:49,865 : INFO : coil.c_dt_reset_CUP : Pulsing Driver for 10ms (1.0 pulse_power)
2020-10-06 16:58:49,866 : INFO : EventManager : Event: ======'drop_target_cup_U_up'====== Args={'device': <drop_target.cup_U>}
2020-10-06 16:58:49,868 : INFO : EventManager : Event: ======'drop_target_cup_C_up'====== Args={'device': <drop_target.cup_C>}
2020-10-06 16:58:49,869 : INFO : EventManager : Event: ======'drop_target_cup_P_up'====== Args={'device': <drop_target.cup_P>}
2020-10-06 16:58:49,870 : INFO : drop_target_bank.cup_bank : 3 targets are down. Will reset those.
2020-10-06 16:58:49,892 : INFO : coil.c_dt_reset_CUP : Pulsing Driver for 10ms (1.0 pulse_power)
2020-10-06 16:58:49,913 : WARNING : SwitchController : Received duplicate switch state 0 for switch s_dt_C from the platform interface. Log Code: Log-SwitchController-1 (https://docs.missionpinball.org/en/dev/logs/Log-SwitchController-1.html)
2020-10-06 16:58:49,913 : WARNING : SwitchController : Received duplicate switch state 0 for switch s_dt_U from the platform interface. Log Code: Log-SwitchController-1 (https://docs.missionpinball.org/en/dev/logs/Log-SwitchController-1.html)
2020-10-06 16:58:49,913 : WARNING : SwitchController : Received duplicate switch state 0 for switch s_dt_P from the platform interface. Log Code: Log-SwitchController-1 (https://docs.missionpinball.org/en/dev/logs/Log-SwitchController-1.html)
2020-10-06 16:58:49,953 : WARNING : SwitchController : Received duplicate switch state 0 for switch s_dt_C from the platform interface. Log Code: Log-SwitchController-1 (https://docs.missionpinball.org/en/dev/logs/Log-SwitchController-1.html)
2020-10-06 16:58:49,953 : WARNING : SwitchController : Received duplicate switch state 0 for switch s_dt_U from the platform interface. Log Code: Log-SwitchController-1 (https://docs.missionpinball.org/en/dev/logs/Log-SwitchController-1.html)
2020-10-06 16:58:49,953 : WARNING : SwitchController : Received duplicate switch state 0 for switch s_dt_P from the platform interface. Log Code: Log-SwitchController-1 (https://docs.missionpinball.org/en/dev/logs/Log-SwitchController-1.html)
2020-10-06 16:58:50,372 : INFO : drop_target_bank.cup_bank : 3 targets are down. Will reset those.
2020-10-06 16:58:50,372 : INFO : coil.c_dt_reset_CUP : Pulsing Driver for 10ms (1.0 pulse_power)
2020-10-06 16:58:50,413 : WARNING : SwitchController : Received duplicate switch state 0 for switch s_dt_C from the platform interface. Log Code: Log-SwitchController-1 (https://docs.missionpinball.org/en/dev/logs/Log-SwitchController-1.html)
2020-10-06 16:58:50,413 : WARNING : SwitchController : Received duplicate switch state 0 for switch s_dt_U from the platform interface. Log Code: Log-SwitchController-1 (https://docs.missionpinball.org/en/dev/logs/Log-SwitchController-1.html)
2020-10-06 16:58:50,413 : WARNING : SwitchController : Received duplicate switch state 0 for switch s_dt_P from the platform interface. Log Code: Log-SwitchController-1 (https://docs.missionpinball.org/en/dev/logs/Log-SwitchController-1.html)
2020-10-06 16:58:50,874 : INFO : EventManager : Event: ======'restore'====== Args={}
2020-10-06 16:58:50,875 : INFO : EventManager : Event: ======'drop_target_bank_cup_bank_up'====== Args={}
2020-10-06 16:58:51,074 : INFO : SwitchController : <<<<<<< 's_dt_C' active >>>>>>>
2020-10-06 16:58:51,075 : INFO : EventManager : Event: ======'s_dt_C_active'====== Args={}
2020-10-06 16:58:51,079 : INFO : EventManager : Event: ======'drop_target_cup_C_down'====== Args={'device': <drop_target.cup_C>}
2020-10-06 16:58:51,083 : INFO : EventManager : Event: ======'drop_target_bank_cup_bank_mixed'====== Args={'down': 1}
2020-10-06 16:58:51,084 : INFO : EventManager : Event: ======'machine_var_audits_switches_s_dt_C'====== Args={'value': 292, 'prev_value': 291, 'change': 1}
2020-10-06 16:58:51,092 : INFO : EventManager : Event: ======'player_score'====== Args={'value': 400, 'prev_value': 300, 'change': 100, 'player_num': 1}
2020-10-06 16:58:52,284 : INFO : SwitchController : <<<<<<< 's_dt_U' active >>>>>>>
2020-10-06 16:58:52,284 : INFO : EventManager : Event: ======'s_dt_U_active'====== Args={}
2020-10-06 16:58:52,285 : INFO : EventManager : Event: ======'drop_target_cup_U_down'====== Args={'device': <drop_target.cup_U>}
2020-10-06 16:58:52,288 : INFO : EventManager : Event: ======'drop_target_bank_cup_bank_mixed'====== Args={'down': 2}
2020-10-06 16:58:52,289 : INFO : EventManager : Event: ======'machine_var_audits_switches_s_dt_U'====== Args={'value': 281, 'prev_value': 280, 'change': 1}
2020-10-06 16:58:52,296 : INFO : EventManager : Event: ======'player_score'====== Args={'value': 500, 'prev_value': 400, 'change': 100, 'player_num': 1}
2020-10-06 16:58:53,393 : INFO : SwitchController : <<<<<<< 's_dt_P' active >>>>>>>
2020-10-06 16:58:53,393 : INFO : EventManager : Event: ======'s_dt_P_active'====== Args={}
2020-10-06 16:58:53,394 : INFO : EventManager : Event: ======'drop_target_cup_P_down'====== Args={'device': <drop_target.cup_P>}
2020-10-06 16:58:53,396 : INFO : EventManager : Event: ======'drop_target_bank_cup_bank_down'====== Args={}
2020-10-06 16:58:53,398 : INFO : EventManager : Event: ======'machine_var_audits_switches_s_dt_P'====== Args={'value': 269, 'prev_value': 268, 'change': 1}
2020-10-06 16:58:53,400 : INFO : EventManager : Event: ======'player_score'====== Args={'value': 600, 'prev_value': 500, 'change': 100, 'player_num': 1}
2020-10-06 16:58:53,401 : INFO : EventManager : Event: ======'player_contracts'====== Args={'value': 3, 'prev_value': 2, 'change': 1, 'player_num': 1}
2020-10-06 16:58:53,402 : INFO : EventManager : Event: ======'logicblock_bonus_updated'====== Args={'value': 3, 'enabled': True}
2020-10-06 16:58:53,402 : INFO : EventManager : Event: ======'bank_done'====== Args={'count': 3, 'remaining': 7}
2020-10-06 16:58:53,405 : INFO : drop_target_bank.cup_bank : 3 targets are down. Will reset those.
2020-10-06 16:58:53,405 : INFO : coil.c_dt_reset_CUP : Pulsing Driver for 10ms (1.0 pulse_power)
2020-10-06 16:58:53,487 : INFO : SwitchController : <<<<<<< 's_dt_C' inactive >>>>>>>
2020-10-06 16:58:53,489 : INFO : SwitchController : <<<<<<< 's_dt_U' inactive >>>>>>>
2020-10-06 16:58:53,489 : INFO : SwitchController : <<<<<<< 's_dt_P' inactive >>>>>>>
2020-10-06 16:58:53,904 : INFO : EventManager : Event: ======'drop_target_cup_C_up'====== Args={'device': <drop_target.cup_C>}
2020-10-06 16:58:53,905 : INFO : drop_target_bank.cup_bank : 3 targets are down. Will reset those.
2020-10-06 16:58:53,905 : INFO : coil.c_dt_reset_CUP : Pulsing Driver for 10ms (1.0 pulse_power)
2020-10-06 16:58:53,906 : INFO : EventManager : Event: ======'drop_target_cup_P_up'====== Args={'device': <drop_target.cup_P>}
2020-10-06 16:58:53,907 : INFO : EventManager : Event: ======'drop_target_cup_U_up'====== Args={'device': <drop_target.cup_U>}
2020-10-06 16:58:53,948 : WARNING : SwitchController : Received duplicate switch state 0 for switch s_dt_C from the platform interface. Log Code: Log-SwitchController-1 (https://docs.missionpinball.org/en/dev/logs/Log-SwitchController-1.html)
2020-10-06 16:58:53,948 : WARNING : SwitchController : Received duplicate switch state 0 for switch s_dt_U from the platform interface. Log Code: Log-SwitchController-1 (https://docs.missionpinball.org/en/dev/logs/Log-SwitchController-1.html)
2020-10-06 16:58:53,948 : WARNING : SwitchController : Received duplicate switch state 0 for switch s_dt_P from the platform interface. Log Code: Log-SwitchController-1 (https://docs.missionpinball.org/en/dev/logs/Log-SwitchController-1.html)
2020-10-06 16:58:54,390 : INFO : EventManager : Event: ======'restore'====== Args={}
2020-10-06 16:58:54,391 : INFO : EventManager : Event: ======'drop_target_bank_cup_bank_up'====== Args={}
2020-10-06 16:58:55,407 : INFO : SwitchController : <<<<<<< 's_dt_C' active >>>>>>>
2020-10-06 16:58:55,407 : INFO : EventManager : Event: ======'s_dt_C_active'====== Args={}
2020-10-06 16:58:55,408 : INFO : EventManager : Event: ======'drop_target_cup_C_down'====== Args={'device': <drop_target.cup_C>}
2020-10-06 16:58:55,410 : INFO : EventManager : Event: ======'drop_target_bank_cup_bank_mixed'====== Args={'down': 1}
2020-10-06 16:58:55,411 : INFO : EventManager : Event: ======'machine_var_audits_switches_s_dt_C'====== Args={'value': 293, 'prev_value': 292, 'change': 1}
2020-10-06 16:58:55,413 : INFO : EventManager : Event: ======'player_score'====== Args={'value': 700, 'prev_value': 600, 'change': 100, 'player_num': 1}
2020-10-06 16:58:56,616 : INFO : SwitchController : <<<<<<< 's_dt_U' active >>>>>>>
2020-10-06 16:58:56,617 : INFO : EventManager : Event: ======'s_dt_U_active'====== Args={}
2020-10-06 16:58:56,618 : INFO : EventManager : Event: ======'drop_target_cup_U_down'====== Args={'device': <drop_target.cup_U>}
2020-10-06 16:58:56,620 : INFO : EventManager : Event: ======'drop_target_bank_cup_bank_mixed'====== Args={'down': 2}
2020-10-06 16:58:56,621 : INFO : EventManager : Event: ======'machine_var_audits_switches_s_dt_U'====== Args={'value': 282, 'prev_value': 281, 'change': 1}
2020-10-06 16:58:56,636 : INFO : EventManager : Event: ======'player_score'====== Args={'value': 800, 'prev_value': 700, 'change': 100, 'player_num': 1}
2020-10-06 16:58:57,802 : INFO : SwitchController : <<<<<<< 's_dt_P' active >>>>>>>
2020-10-06 16:58:57,802 : INFO : EventManager : Event: ======'s_dt_P_active'====== Args={}
2020-10-06 16:58:57,803 : INFO : EventManager : Event: ======'drop_target_cup_P_down'====== Args={'device': <drop_target.cup_P>}
2020-10-06 16:58:57,805 : INFO : EventManager : Event: ======'drop_target_bank_cup_bank_down'====== Args={}
2020-10-06 16:58:57,806 : INFO : EventManager : Event: ======'machine_var_audits_switches_s_dt_P'====== Args={'value': 270, 'prev_value': 269, 'change': 1}
2020-10-06 16:58:57,819 : INFO : EventManager : Event: ======'player_score'====== Args={'value': 900, 'prev_value': 800, 'change': 100, 'player_num': 1}
2020-10-06 16:58:57,820 : INFO : EventManager : Event: ======'player_contracts'====== Args={'value': 4, 'prev_value': 3, 'change': 1, 'player_num': 1}
2020-10-06 16:58:57,821 : INFO : EventManager : Event: ======'logicblock_bonus_updated'====== Args={'value': 4, 'enabled': True}
2020-10-06 16:58:57,821 : INFO : EventManager : Event: ======'bank_done'====== Args={'count': 4, 'remaining': 6}
2020-10-06 16:58:57,823 : INFO : drop_target_bank.cup_bank : 3 targets are down. Will reset those.
2020-10-06 16:58:57,823 : INFO : coil.c_dt_reset_CUP : Pulsing Driver for 10ms (1.0 pulse_power)
2020-10-06 16:58:57,869 : INFO : SwitchController : <<<<<<< 's_dt_C' inactive >>>>>>>
2020-10-06 16:58:57,869 : INFO : SwitchController : <<<<<<< 's_dt_U' inactive >>>>>>>
2020-10-06 16:58:57,870 : INFO : SwitchController : <<<<<<< 's_dt_P' inactive >>>>>>>
2020-10-06 16:58:58,300 : INFO : drop_target_bank.cup_bank : 3 targets are down. Will reset those.
2020-10-06 16:58:58,300 : INFO : coil.c_dt_reset_CUP : Pulsing Driver for 10ms (1.0 pulse_power)
2020-10-06 16:58:58,318 : INFO : EventManager : Event: ======'drop_target_cup_C_up'====== Args={'device': <drop_target.cup_C>}
2020-10-06 16:58:58,319 : INFO : EventManager : Event: ======'drop_target_cup_U_up'====== Args={'device': <drop_target.cup_U>}
2020-10-06 16:58:58,319 : INFO : EventManager : Event: ======'drop_target_cup_P_up'====== Args={'device': <drop_target.cup_P>}
2020-10-06 16:58:58,359 : WARNING : SwitchController : Received duplicate switch state 0 for switch s_dt_C from the platform interface. Log Code: Log-SwitchController-1 (https://docs.missionpinball.org/en/dev/logs/Log-SwitchController-1.html)
2020-10-06 16:58:58,359 : WARNING : SwitchController : Received duplicate switch state 0 for switch s_dt_U from the platform interface. Log Code: Log-SwitchController-1 (https://docs.missionpinball.org/en/dev/logs/Log-SwitchController-1.html)
2020-10-06 16:58:58,359 : WARNING : SwitchController : Received duplicate switch state 0 for switch s_dt_P from the platform interface. Log Code: Log-SwitchController-1 (https://docs.missionpinball.org/en/dev/logs/Log-SwitchController-1.html)
2020-10-06 16:58:58,800 : INFO : EventManager : Event: ======'restore'====== Args={}
2020-10-06 16:58:58,801 : INFO : EventManager : Event: ======'drop_target_bank_cup_bank_up'====== Args={}
2020-10-06 16:59:06,415 : INFO : SwitchController : <<<<<<< 's_soul_S' active >>>>>>>
2020-10-06 16:59:06,416 : INFO : EventManager : Event: ======'s_soul_S_active'====== Args={}
2020-10-06 16:59:06,417 : INFO : EventManager : Event: ======'machine_var_audits_switches_s_soul_S'====== Args={'value': 418, 'prev_value': 417, 'change': 1}
2020-10-06 16:59:06,429 : INFO : EventManager : Event: ======'player_shot_soul_S'====== Args={'value': 1, 'prev_value': 0, 'change': 1, 'player_num': 1}
2020-10-06 16:59:06,431 : INFO : EventManager : Event: ======'machine_var_audits_shots_soul_S'====== Args={'value': 418, 'prev_value': 417, 'change': 1}
2020-10-06 16:59:06,433 : INFO : EventManager : Event: ======'soul_S_hit'====== Args={'profile': 'default', 'state': 'unlit', 'advancing': True}
2020-10-06 16:59:06,433 : INFO : EventManager : Event: ======'soul_S_default_hit'====== Args={'profile': 'default', 'state': 'unlit', 'advancing': True}
2020-10-06 16:59:06,434 : INFO : EventManager : Event: ======'soul_S_default_unlit_hit'====== Args={'profile': 'default', 'state': 'unlit', 'advancing': True}
2020-10-06 16:59:06,435 : INFO : EventManager : Event: ======'soul_S_unlit_hit'====== Args={'profile': 'default', 'state': 'unlit', 'advancing': True}
2020-10-06 16:59:06,435 : INFO : EventManager : Event: ======'player_score'====== Args={'value': 910, 'prev_value': 900, 'change': 10, 'player_num': 1}
2020-10-06 16:59:06,436 : INFO : EventManager : Event: ======'soul_lanes_hit'====== Args={}
2020-10-06 16:59:06,437 : INFO : EventManager : Event: ======'soul_lanes_unlit_hit'====== Args={}
2020-10-06 16:59:06,596 : INFO : SwitchController : <<<<<<< 's_soul_S' inactive >>>>>>>
2020-10-06 16:59:06,836 : INFO : SwitchController : <<<<<<< 's_soul_O' active >>>>>>>
2020-10-06 16:59:06,837 : INFO : EventManager : Event: ======'s_soul_O_active'====== Args={}
2020-10-06 16:59:06,838 : INFO : EventManager : Event: ======'machine_var_audits_switches_s_soul_O'====== Args={'value': 387, 'prev_value': 386, 'change': 1}
2020-10-06 16:59:06,840 : INFO : EventManager : Event: ======'player_shot_soul_O'====== Args={'value': 1, 'prev_value': 0, 'change': 1, 'player_num': 1}
2020-10-06 16:59:06,842 : INFO : EventManager : Event: ======'machine_var_audits_shots_soul_O'====== Args={'value': 382, 'prev_value': 381, 'change': 1}
2020-10-06 16:59:06,843 : INFO : EventManager : Event: ======'soul_O_hit'====== Args={'profile': 'default', 'state': 'unlit', 'advancing': True}
2020-10-06 16:59:06,844 : INFO : EventManager : Event: ======'soul_O_default_hit'====== Args={'profile': 'default', 'state': 'unlit', 'advancing': True}
2020-10-06 16:59:06,844 : INFO : EventManager : Event: ======'soul_O_default_unlit_hit'====== Args={'profile': 'default', 'state': 'unlit', 'advancing': True}
2020-10-06 16:59:06,845 : INFO : EventManager : Event: ======'soul_O_unlit_hit'====== Args={'profile': 'default', 'state': 'unlit', 'advancing': True}
2020-10-06 16:59:06,845 : INFO : EventManager : Event: ======'player_score'====== Args={'value': 920, 'prev_value': 910, 'change': 10, 'player_num': 1}
2020-10-06 16:59:06,846 : INFO : EventManager : Event: ======'soul_lanes_hit'====== Args={}
2020-10-06 16:59:06,847 : INFO : EventManager : Event: ======'soul_lanes_unlit_hit'====== Args={}
2020-10-06 16:59:07,024 : INFO : SwitchController : <<<<<<< 's_soul_O' inactive >>>>>>>
2020-10-06 16:59:07,155 : INFO : SwitchController : <<<<<<< 's_soul_U' active >>>>>>>
2020-10-06 16:59:07,156 : INFO : EventManager : Event: ======'s_soul_U_active'====== Args={}
2020-10-06 16:59:07,156 : INFO : EventManager : Event: ======'machine_var_audits_switches_s_soul_U'====== Args={'value': 379, 'prev_value': 378, 'change': 1}
2020-10-06 16:59:07,158 : INFO : EventManager : Event: ======'player_shot_soul_U'====== Args={'value': 1, 'prev_value': 0, 'change': 1, 'player_num': 1}
2020-10-06 16:59:07,160 : INFO : EventManager : Event: ======'machine_var_audits_shots_soul_U'====== Args={'value': 379, 'prev_value': 378, 'change': 1}
2020-10-06 16:59:07,162 : INFO : EventManager : Event: ======'soul_U_hit'====== Args={'profile': 'default', 'state': 'unlit', 'advancing': True}
2020-10-06 16:59:07,162 : INFO : EventManager : Event: ======'soul_U_default_hit'====== Args={'profile': 'default', 'state': 'unlit', 'advancing': True}
2020-10-06 16:59:07,163 : INFO : EventManager : Event: ======'soul_U_default_unlit_hit'====== Args={'profile': 'default', 'state': 'unlit', 'advancing': True}
2020-10-06 16:59:07,163 : INFO : EventManager : Event: ======'soul_U_unlit_hit'====== Args={'profile': 'default', 'state': 'unlit', 'advancing': True}
2020-10-06 16:59:07,164 : INFO : EventManager : Event: ======'player_score'====== Args={'value': 930, 'prev_value': 920, 'change': 10, 'player_num': 1}
2020-10-06 16:59:07,165 : INFO : EventManager : Event: ======'soul_lanes_hit'====== Args={}
2020-10-06 16:59:07,166 : INFO : EventManager : Event: ======'soul_lanes_unlit_hit'====== Args={}
2020-10-06 16:59:07,309 : INFO : SwitchController : <<<<<<< 's_soul_U' inactive >>>>>>>
2020-10-06 16:59:07,488 : INFO : SwitchController : <<<<<<< 's_soul_L' active >>>>>>>
2020-10-06 16:59:07,488 : INFO : EventManager : Event: ======'s_soul_L_active'====== Args={}
2020-10-06 16:59:07,489 : INFO : EventManager : Event: ======'machine_var_audits_switches_s_soul_L'====== Args={'value': 377, 'prev_value': 376, 'change': 1}
2020-10-06 16:59:07,511 : INFO : EventManager : Event: ======'player_shot_soul_L'====== Args={'value': 1, 'prev_value': 0, 'change': 1, 'player_num': 1}
2020-10-06 16:59:07,513 : INFO : EventManager : Event: ======'machine_var_audits_shots_soul_L'====== Args={'value': 376, 'prev_value': 375, 'change': 1}
2020-10-06 16:59:07,515 : INFO : EventManager : Event: ======'soul_L_hit'====== Args={'profile': 'default', 'state': 'unlit', 'advancing': True}
2020-10-06 16:59:07,515 : INFO : EventManager : Event: ======'soul_L_default_hit'====== Args={'profile': 'default', 'state': 'unlit', 'advancing': True}
2020-10-06 16:59:07,516 : INFO : EventManager : Event: ======'soul_L_default_unlit_hit'====== Args={'profile': 'default', 'state': 'unlit', 'advancing': True}
2020-10-06 16:59:07,517 : INFO : EventManager : Event: ======'soul_L_unlit_hit'====== Args={'profile': 'default', 'state': 'unlit', 'advancing': True}
2020-10-06 16:59:07,517 : INFO : EventManager : Event: ======'player_score'====== Args={'value': 940, 'prev_value': 930, 'change': 10, 'player_num': 1}
2020-10-06 16:59:07,518 : INFO : EventManager : Event: ======'soul_lanes_complete'====== Args={'state': 'lit'}
2020-10-06 16:59:07,519 : INFO : EventManager : Event: ======'soul_lanes_lit_complete'====== Args={}
2020-10-06 16:59:07,520 : INFO : EventManager : Event: ======'soul_lanes_hit'====== Args={}
2020-10-06 16:59:07,520 : INFO : EventManager : Event: ======'soul_lanes_unlit_hit'====== Args={}
2020-10-06 16:59:07,523 : INFO : EventManager : Event: ======'player_score'====== Args={'value': 1940, 'prev_value': 940, 'change': 1000, 'player_num': 1}
2020-10-06 16:59:07,524 : INFO : EventManager : Event: ======'logicblock_contarct_counter_updated'====== Args={'value': 2, 'enabled': True}
2020-10-06 16:59:07,524 : INFO : EventManager : Event: ======'soul_lanes_done'====== Args={'count': 2}
2020-10-06 16:59:07,526 : INFO : EventManager : Event: ======'player_bonus_multiplier'====== Args={'value': 1, 'prev_value': 0, 'change': 1, 'player_num': 1}
2020-10-06 16:59:07,640 : INFO : SwitchController : <<<<<<< 's_soul_L' inactive >>>>>>>
2020-10-06 16:59:08,523 : INFO : EventManager : Event: ======'player_shot_soul_S'====== Args={'value': 0, 'prev_value': 1, 'change': -1, 'player_num': 1}
2020-10-06 16:59:08,524 : INFO : EventManager : Event: ======'player_shot_soul_O'====== Args={'value': 0, 'prev_value': 1, 'change': -1, 'player_num': 1}
2020-10-06 16:59:08,526 : INFO : EventManager : Event: ======'player_shot_soul_U'====== Args={'value': 0, 'prev_value': 1, 'change': -1, 'player_num': 1}
2020-10-06 16:59:08,527 : INFO : EventManager : Event: ======'player_shot_soul_L'====== Args={'value': 0, 'prev_value': 1, 'change': -1, 'player_num': 1}
2020-10-06 16:59:16,584 : INFO : SwitchController : <<<<<<< 's_trough1' active >>>>>>>
2020-10-06 16:59:16,585 : INFO : EventManager : Event: ======'machine_var_audits_switches_s_trough1'====== Args={'value': 620, 'prev_value': 619, 'change': 1}
2020-10-06 16:59:17,088 : INFO : EventManager : Event: ======'balldevice_bd_trough_ball_count_changed'====== Args={'balls': 2}
2020-10-06 16:59:17,089 : INFO : ball_device.bd_trough : Received unexpected ball
2020-10-06 16:59:17,089 : INFO : EventManager : Event: ======'balldevice_captured_from_playfield'====== Args={'balls': 1}
2020-10-06 16:59:17,090 : INFO : EventManager : Event: ======'sw_playfield_active'====== Args={'balls': 1}
2020-10-06 16:59:17,091 : INFO : EventManager : Event: ======'playfield_ball_count_change'====== Args={'balls': 0, 'change': -1}
2020-10-06 16:59:17,092 : INFO : EventManager : Event: ======'balldevice_bd_trough_ball_enter'====== Args={'new_balls': 1, 'unclaimed_balls': 1, 'new_available_balls': 1, 'device': <ball_device.bd_trough>}
2020-10-06 16:59:17,093 : INFO : EventManager : Event: ======'ball_drain'====== Args={'device': <ball_device.bd_trough>, 'balls': 1}
2020-10-06 16:59:17,094 : INFO : EventManager : Event: ======'ball_will_end'====== Args={}
2020-10-06 16:59:17,095 : INFO : EventManager : Event: ======'balldevice_balls_available'====== Args={}
2020-10-06 16:59:17,096 : INFO : EventManager : Event: ======'balldevice_bd_trough_ball_entered'====== Args={'new_balls': 1, 'device': <ball_device.bd_trough>}
2020-10-06 16:59:17,099 : INFO : EventManager : Event: ======'ball_ending'====== Args={}
2020-10-06 16:59:17,100 : INFO : EventManager : Event: ======'mode_bonus_will_start'====== Args={'queue': <QueuedEvent>}
2020-10-06 16:59:17,104 : INFO : EventManager : Event: ======'mode_bonus_starting'====== Args={'queue': <QueuedEvent>}
2020-10-06 16:59:17,104 : INFO : Mode.bonus : Started. Priority: 500
2020-10-06 16:59:17,104 : INFO : EventManager : Event: ======'modes_active_modes_changed'====== Args={}
2020-10-06 16:59:17,105 : INFO : EventManager : Event: ======'mode_bonus_started'====== Args={'queue': <QueuedEvent>}
2020-10-06 16:59:17,106 : ERROR : asyncio : Exception in callback EventManager.process_event_queue()
handle: <Handle EventManager.process_event_queue()>
Traceback (most recent call last):
  File "c:\users\themi\appdata\local\programs\python\python36\lib\site-packages\mpf\core\show_controller.py", line 127, in replace_or_advance_show
    show_obj = self.machine.shows[config.name]
KeyError: 'bonus_lighting'

During handling of the above exception, another exception occurred:

Traceback (most recent call last):
  File "c:\users\themi\appdata\local\programs\python\python36\lib\site-packages\mpf\core\events.py", line 683, in _run_handlers
    result = handler.callback(**merged_kwargs)
  File "c:\users\themi\appdata\local\programs\python\python36\lib\site-packages\mpf\core\config_player.py", line 323, in config_play_callback
    **kwargs)
  File "c:\users\themi\appdata\local\programs\python\python36\lib\site-packages\mpf\config_players\show_player.py", line 60, in play
    self._update_show(show.name, show_settings, context, queue, start_time, show_tokens)
  File "c:\users\themi\appdata\local\programs\python\python36\lib\site-packages\mpf\config_players\show_player.py", line 220, in _update_show
    action(key, instance_dict, show_name, show_settings, queue, start_time, placeholder_args)
  File "c:\users\themi\appdata\local\programs\python\python36\lib\site-packages\mpf\config_players\show_player.py", line 115, in _play
    start_running, stop_callback)
  File "c:\users\themi\appdata\local\programs\python\python36\lib\site-packages\mpf\core\show_controller.py", line 130, in replace_or_advance_show
    "name.".format(config.name))
KeyError: "Cannot play show 'bonus_lighting'. No show with that name."

The above exception was the direct cause of the following exception:

Traceback (most recent call last):
  File "c:\users\themi\appdata\local\programs\python\python36\lib\asyncio\events.py", line 145, in _run
    self._callback(*self._args)
  File "c:\users\themi\appdata\local\programs\python\python36\lib\site-packages\mpf\core\events.py", line 770, in process_event_queue
    **event[3])
  File "c:\users\themi\appdata\local\programs\python\python36\lib\site-packages\mpf\core\events.py", line 729, in _process_event
    result = self._run_handlers(event, ev_type, kwargs)
  File "c:\users\themi\appdata\local\programs\python\python36\lib\site-packages\mpf\core\events.py", line 685, in _run_handlers
    raise Exception("Exception while processing {} for event {}".format(handler, event)) from e
Exception: Exception while processing RegisteredHandler(callback=<bound method ConfigPlayer.config_play_callback of ConfigPlayer.show_player/shows>, priority=500, kwargs={'calling_context': 'mode_bonus_started', 'mode': <Mode.bonus>, 'settings': {bonus_lighting-None-None: {'speed': 1.0, 'priority': 0, 'action': 'play', 'show': None, 'block_queue': False, 'start_step': <NativeTemplate 1>, 'start_running': <Template True>, 'loops': -1, 'sync_ms': None, 'manual_advance': False, 'show_queue': None, 'key': None, 'show_tokens': {}, 'events_when_played': [], 'events_when_stopped': [], 'events_when_looped': [], 'events_when_paused': [], 'events_when_resumed': [], 'events_when_advanced': [], 'events_when_stepped_back': [], 'events_when_updated': [], 'events_when_completed': []}}}, key=UUID('3bbe5a31-d920-4a6a-9d5a-7ccb16d28fcd'), condition=None, blocking_facility=None) for event mode_bonus_started
2020-10-06 16:59:17,254 : INFO : Machine : Shutting down...
2020-10-06 16:59:17,256 : INFO : EventManager : Event: ======'shutdown'====== Args={}
2020-10-06 16:59:17,268 : ERROR : Machine : Runtime Exception
Traceback (most recent call last):
  File "c:\users\themi\appdata\local\programs\python\python36\lib\site-packages\mpf\core\show_controller.py", line 127, in replace_or_advance_show
    show_obj = self.machine.shows[config.name]
KeyError: 'bonus_lighting'

During handling of the above exception, another exception occurred:

Traceback (most recent call last):
  File "c:\users\themi\appdata\local\programs\python\python36\lib\site-packages\mpf\core\events.py", line 683, in _run_handlers
    result = handler.callback(**merged_kwargs)
  File "c:\users\themi\appdata\local\programs\python\python36\lib\site-packages\mpf\core\config_player.py", line 323, in config_play_callback
    **kwargs)
  File "c:\users\themi\appdata\local\programs\python\python36\lib\site-packages\mpf\config_players\show_player.py", line 60, in play
    self._update_show(show.name, show_settings, context, queue, start_time, show_tokens)
  File "c:\users\themi\appdata\local\programs\python\python36\lib\site-packages\mpf\config_players\show_player.py", line 220, in _update_show
    action(key, instance_dict, show_name, show_settings, queue, start_time, placeholder_args)
  File "c:\users\themi\appdata\local\programs\python\python36\lib\site-packages\mpf\config_players\show_player.py", line 115, in _play
    start_running, stop_callback)
  File "c:\users\themi\appdata\local\programs\python\python36\lib\site-packages\mpf\core\show_controller.py", line 130, in replace_or_advance_show
    "name.".format(config.name))
KeyError: "Cannot play show 'bonus_lighting'. No show with that name."

The above exception was the direct cause of the following exception:

Traceback (most recent call last):
  File "c:\users\themi\appdata\local\programs\python\python36\lib\site-packages\mpf\core\machine.py", line 745, in _run_loop
    raise self._exception['exception']
  File "c:\users\themi\appdata\local\programs\python\python36\lib\asyncio\events.py", line 145, in _run
    self._callback(*self._args)
  File "c:\users\themi\appdata\local\programs\python\python36\lib\site-packages\mpf\core\events.py", line 770, in process_event_queue
    **event[3])
  File "c:\users\themi\appdata\local\programs\python\python36\lib\site-packages\mpf\core\events.py", line 729, in _process_event
    result = self._run_handlers(event, ev_type, kwargs)
  File "c:\users\themi\appdata\local\programs\python\python36\lib\site-packages\mpf\core\events.py", line 685, in _run_handlers
    raise Exception("Exception while processing {} for event {}".format(handler, event)) from e
Exception: Exception while processing RegisteredHandler(callback=<bound method ConfigPlayer.config_play_callback of ConfigPlayer.show_player/shows>, priority=500, kwargs={'calling_context': 'mode_bonus_started', 'mode': <Mode.bonus>, 'settings': {bonus_lighting-None-None: {'speed': 1.0, 'priority': 0, 'action': 'play', 'show': None, 'block_queue': False, 'start_step': <NativeTemplate 1>, 'start_running': <Template True>, 'loops': -1, 'sync_ms': None, 'manual_advance': False, 'show_queue': None, 'key': None, 'show_tokens': {}, 'events_when_played': [], 'events_when_stopped': [], 'events_when_looped': [], 'events_when_paused': [], 'events_when_resumed': [], 'events_when_advanced': [], 'events_when_stepped_back': [], 'events_when_updated': [], 'events_when_completed': []}}}, key=UUID('3bbe5a31-d920-4a6a-9d5a-7ccb16d28fcd'), condition=None, blocking_facility=None) for event mode_bonus_started
2020-10-06 16:59:17,295 : INFO : root : MPF run loop ended.
