2020-10-04 07:57:14,922 : INFO : root : Loading config.
2020-10-04 07:57:14,937 : INFO : YamlMultifileConfigLoader : Machine config file #1: config.yaml
2020-10-04 07:57:14,937 : INFO : ConfigProcessor : Loading config from cache: C:\Users\themi\AppData\Local\Temp\1a0afbd38efada64622f7c1a19dba099.mpf_cache
2020-10-04 07:57:15,125 : INFO : ConfigProcessor : Loading config from cache: C:\Users\themi\AppData\Local\Temp\7964e52b22911e9b68a8022172b185f3.mpf_cache
2020-10-04 07:57:15,125 : INFO : ConfigProcessor : Loading config from cache: C:\Users\themi\AppData\Local\Temp\4fcecb70f81c3c2fefb8e65ae9a0af5f.mpf_cache
2020-10-04 07:57:15,125 : INFO : ConfigProcessor : Loading config from cache: C:\Users\themi\AppData\Local\Temp\b2a05f27b99f0404929b6678617f21a2.mpf_cache
2020-10-04 07:57:15,140 : WARNING : ConfigProcessor : Config file in cache changed: c:\Pinball\Cuphead\modes\soulLanes\config\soulLanes.yaml
2020-10-04 07:57:15,140 : INFO : ConfigProcessor : Loading config from file c:\Pinball\Cuphead\modes\soulLanes\config\soulLanes.yaml.
2020-10-04 07:57:15,187 : INFO : ConfigProcessor : Loading config: c:\Pinball\Cuphead\modes\soulLanes\config\soulLanes.yaml
2020-10-04 07:57:15,187 : INFO : ConfigProcessor : Config file cache created: C:\Users\themi\AppData\Local\Temp\ee661b7bde9ac1aee26ef2e16bd36711.mpf_cache
2020-10-04 07:57:15,187 : INFO : ConfigProcessor : Loading config from cache: C:\Users\themi\AppData\Local\Temp\8b23b77e47e0aafb5c2cd6855492fe09.mpf_cache
2020-10-04 07:57:15,187 : INFO : ConfigProcessor : Loading config from cache: C:\Users\themi\AppData\Local\Temp\8d4786f117f290f34c6b54fd8b6fe8fe.mpf_cache
2020-10-04 07:57:15,187 : INFO : ConfigProcessor : Loading config from cache: C:\Users\themi\AppData\Local\Temp\d1f28e307667fe64a15b0a7332832e8a.mpf_cache
2020-10-04 07:57:15,187 : INFO : ConfigProcessor : Loading config from cache: C:\Users\themi\AppData\Local\Temp\4b1cd1ab6685d1ad48e4e22b92633748.mpf_cache
2020-10-04 07:57:15,187 : INFO : ConfigProcessor : Loading config from cache: C:\Users\themi\AppData\Local\Temp\0e5b9342958db12ded482c5bdee94a50.mpf_cache
2020-10-04 07:57:15,187 : INFO : ConfigProcessor : Loading config from cache: C:\Users\themi\AppData\Local\Temp\fa3b9c24e757a86afd7ebd54e8356a2f.mpf_cache
2020-10-04 07:57:15,187 : INFO : ConfigProcessor : Loading config from cache: C:\Users\themi\AppData\Local\Temp\4f17c1b7053da1ee6acf2b568ebeb609.mpf_cache
2020-10-04 07:57:15,187 : INFO : ConfigProcessor : Loading config from cache: C:\Users\themi\AppData\Local\Temp\ccd4282a3141e0878d86657c78349f12.mpf_cache
2020-10-04 07:57:15,187 : INFO : ConfigProcessor : Loading config from cache: C:\Users\themi\AppData\Local\Temp\17729cd0303cfaced1d4181f3ca2421f.mpf_cache
2020-10-04 07:57:15,203 : INFO : ConfigProcessor : Loading config from cache: C:\Users\themi\AppData\Local\Temp\47ffaea90c47406003f6ea8ebe74989d.mpf_cache
2020-10-04 07:57:15,203 : INFO : ConfigProcessor : Loading config from cache: C:\Users\themi\AppData\Local\Temp\6f6af101da615a72df8eebfca5188fca.mpf_cache
2020-10-04 07:57:15,203 : INFO : ConfigProcessor : Loading config from cache: C:\Users\themi\AppData\Local\Temp\3889d554abdf669f0bcb59dfdb43163f.mpf_cache
2020-10-04 07:57:15,203 : INFO : ConfigProcessor : Loading config from cache: C:\Users\themi\AppData\Local\Temp\dca7679fbf96e787efc0ee793457f019.mpf_cache
2020-10-04 07:57:15,203 : INFO : ConfigProcessor : Loading config from cache: C:\Users\themi\AppData\Local\Temp\773981adc2a393ce4661c342531a13c1.mpf_cache
2020-10-04 07:57:15,203 : INFO : ConfigProcessor : Loading config from cache: C:\Users\themi\AppData\Local\Temp\0e7ad57880df273f086bfe63563440af.mpf_cache
2020-10-04 07:57:15,203 : INFO : ConfigProcessor : Loading config from cache: C:\Users\themi\AppData\Local\Temp\14255cf3b2f3681937087b07de526758.mpf_cache
2020-10-04 07:57:15,203 : INFO : ConfigProcessor : Loading config from cache: C:\Users\themi\AppData\Local\Temp\01c6bf43074c3a497e337500f6bac20b.mpf_cache
2020-10-04 07:57:15,203 : INFO : ConfigProcessor : Loading config from cache: C:\Users\themi\AppData\Local\Temp\7eeffc9c6f8d1e96b5a9cad923ac520c.mpf_cache
2020-10-04 07:57:15,203 : INFO : Machine : Mission Pinball Framework Core Engine v0.54.0-dev.72
2020-10-04 07:57:15,203 : INFO : Machine : Command line arguments: {'no_load_cache': False, 'create_config_cache': True, 'bcp': True, 'configfile': ['config.yaml'], 'force_assets_load': False, 'jsonlogging': False, 'logfile': 'logs\\2020-10-04-07-57-14-mpf-LAPTOP-C39PEUFD.log', 'pause': False, 'production': False, 'text_ui': True, 'loglevel': 15, 'consoleloglevel': 20, 'force_platform': 'smart_virtual', 'syslog_address': None, 'mc_file_name': None, 'no_sound': False}
2020-10-04 07:57:15,203 : INFO : Machine : MPF path: c:\users\themi\appdata\local\programs\python\python36\lib\site-packages\mpf
2020-10-04 07:57:15,203 : INFO : Machine : Machine path: c:\Pinball\Cuphead
2020-10-04 07:57:15,203 : INFO : Machine : Platform: win32
2020-10-04 07:57:15,203 : INFO : Machine : Python executable location: c:\users\themi\appdata\local\programs\python\python36\python.exe
2020-10-04 07:57:15,203 : INFO : Machine : Python version: 3.6.4 (64-bit)
2020-10-04 07:57:15,219 : INFO : Machine : Initialise MPF.
2020-10-04 07:57:15,781 : INFO : EventManager : Event: ======'machine_var_credits_string'====== Args={'value': 'FREE PLAY', 'prev_value': None, 'change': True}
2020-10-04 07:57:15,922 : INFO : EventManager : Event: ======'machine_var_player1_score'====== Args={'value': 8110, 'prev_value': None, 'change': True}
2020-10-04 07:57:15,922 : INFO : EventManager : Event: ======'machine_var_mpf_version'====== Args={'value': 'MPF v0.54.0-dev.72', 'prev_value': None, 'change': True}
2020-10-04 07:57:15,922 : INFO : EventManager : Event: ======'machine_var_mpf_extended_version'====== Args={'value': 'MPF v0.54.0-dev.72, Config version:5, Show version: 5, BCP version:1.1', 'prev_value': None, 'change': True}
2020-10-04 07:57:15,922 : INFO : EventManager : Event: ======'machine_var_python_version'====== Args={'value': '3.6.4', 'prev_value': None, 'change': True}
2020-10-04 07:57:15,922 : INFO : EventManager : Event: ======'machine_var_platform'====== Args={'value': 'Windows-10-10.0.18362-SP0', 'prev_value': None, 'change': True}
2020-10-04 07:57:15,922 : INFO : EventManager : Event: ======'machine_var_platform_system'====== Args={'value': 'Windows', 'prev_value': None, 'change': True}
2020-10-04 07:57:15,922 : INFO : EventManager : Event: ======'machine_var_platform_release'====== Args={'value': '10', 'prev_value': None, 'change': True}
2020-10-04 07:57:15,922 : INFO : EventManager : Event: ======'machine_var_platform_version'====== Args={'value': '10.0.18362', 'prev_value': None, 'change': True}
2020-10-04 07:57:15,922 : INFO : EventManager : Event: ======'machine_var_platform_machine'====== Args={'value': 'AMD64', 'prev_value': None, 'change': True}
2020-10-04 07:57:15,922 : INFO : EventManager : Event: ======'init_phase_1'====== Args={}
2020-10-04 07:57:16,125 : INFO : EventManager : Event: ======'drop_target_bank_cup_bank_up'====== Args={}
2020-10-04 07:57:16,125 : INFO : EventManager : Event: ======'drop_target_bank_mug_bank_up'====== Args={}
2020-10-04 07:57:16,125 : INFO : EventManager : Event: ======'init_phase_2'====== Args={}
2020-10-04 07:57:16,125 : INFO : SwitchController : Found active switch: ('2', <Platform.SmartVirtual>)
2020-10-04 07:57:16,125 : INFO : SwitchController : Found active switch: ('3', <Platform.SmartVirtual>)
2020-10-04 07:57:16,157 : INFO : EventManager : Event: ======'bcp_connection_attempt'====== Args={'name': 'local_display', 'host': 'localhost', 'port': 5050}
2020-10-04 07:57:16,157 : INFO : BCPClientSocket : Connecting BCP to 'local_display' at localhost:5050...
2020-10-04 07:57:28,417 : INFO : BCPClientSocket : Connected BCP to 'local_display' localhost:5050
2020-10-04 07:57:28,418 : INFO : EventManager : Event: ======'bcp_clients_connected'====== Args={}
2020-10-04 07:57:28,435 : INFO : EventManager : Event: ======'machine_var_mc_version'====== Args={'value': 'MPF-MC v0.54.0-dev.20', 'prev_value': None, 'change': True}
2020-10-04 07:57:28,436 : INFO : EventManager : Event: ======'machine_var_mc_extended_version'====== Args={'value': 'MPF-MC v0.54.0-dev.20 (config_version=5, BCP v1.1, Requires MPF v0.54.0-dev.68)', 'prev_value': None, 'change': True}
2020-10-04 07:57:28,439 : INFO : EventManager : Event: ======'machine_var_master_volume'====== Args={'value': 0.5, 'prev_value': None, 'change': True}
2020-10-04 07:57:28,440 : INFO : ball_device.bd_trough : State: idle
2020-10-04 07:57:28,471 : INFO : ball_device.bd_plunger : State: idle
2020-10-04 07:57:28,506 : INFO : EventManager : Event: ======'init_phase_3'====== Args={}
2020-10-04 07:57:28,519 : INFO : EventManager : Event: ======'init_phase_4'====== Args={}
2020-10-04 07:57:28,521 : INFO : EventManager : Event: ======'machine_var_audits_events_game_ended'====== Args={'value': 21, 'prev_value': None, 'change': True}
2020-10-04 07:57:28,522 : INFO : EventManager : Event: ======'machine_var_audits_events_game_started'====== Args={'value': 40, 'prev_value': None, 'change': True}
2020-10-04 07:57:28,523 : INFO : EventManager : Event: ======'machine_var_audits_player_score'====== Args={'value': {'average': 530.4761904761905, 'top': [2970, 1300, 1220, 980, 880, 780, 720, 710, 630, 590], 'total': 21}, 'prev_value': None, 'change': True}
2020-10-04 07:57:28,524 : INFO : EventManager : Event: ======'machine_var_audits_shots_soul_L'====== Args={'value': 60, 'prev_value': None, 'change': True}
2020-10-04 07:57:28,524 : INFO : EventManager : Event: ======'machine_var_audits_shots_soul_O'====== Args={'value': 65, 'prev_value': None, 'change': True}
2020-10-04 07:57:28,525 : INFO : EventManager : Event: ======'machine_var_audits_shots_soul_S'====== Args={'value': 75, 'prev_value': None, 'change': True}
2020-10-04 07:57:28,525 : INFO : EventManager : Event: ======'machine_var_audits_shots_soul_U'====== Args={'value': 65, 'prev_value': None, 'change': True}
2020-10-04 07:57:28,526 : INFO : EventManager : Event: ======'machine_var_audits_switches_s_coin'====== Args={'value': 20, 'prev_value': None, 'change': True}
2020-10-04 07:57:28,527 : INFO : EventManager : Event: ======'machine_var_audits_switches_s_dash_L'====== Args={'value': 0, 'prev_value': None, 'change': True}
2020-10-04 07:57:28,528 : INFO : EventManager : Event: ======'machine_var_audits_switches_s_dash_R'====== Args={'value': 0, 'prev_value': None, 'change': True}
2020-10-04 07:57:28,529 : INFO : EventManager : Event: ======'machine_var_audits_switches_s_dtSling_L'====== Args={'value': 0, 'prev_value': None, 'change': True}
2020-10-04 07:57:28,529 : INFO : EventManager : Event: ======'machine_var_audits_switches_s_dtSling_R'====== Args={'value': 0, 'prev_value': None, 'change': True}
2020-10-04 07:57:28,530 : INFO : EventManager : Event: ======'machine_var_audits_switches_s_dt_C'====== Args={'value': 72, 'prev_value': None, 'change': True}
2020-10-04 07:57:28,531 : INFO : EventManager : Event: ======'machine_var_audits_switches_s_dt_G'====== Args={'value': 21, 'prev_value': None, 'change': True}
2020-10-04 07:57:28,531 : INFO : EventManager : Event: ======'machine_var_audits_switches_s_dt_M'====== Args={'value': 19, 'prev_value': None, 'change': True}
2020-10-04 07:57:28,532 : INFO : EventManager : Event: ======'machine_var_audits_switches_s_dt_P'====== Args={'value': 55, 'prev_value': None, 'change': True}
2020-10-04 07:57:28,533 : INFO : EventManager : Event: ======'machine_var_audits_switches_s_dt_U'====== Args={'value': 63, 'prev_value': None, 'change': True}
2020-10-04 07:57:28,534 : INFO : EventManager : Event: ======'machine_var_audits_switches_s_dt_U2'====== Args={'value': 19, 'prev_value': None, 'change': True}
2020-10-04 07:57:28,535 : INFO : EventManager : Event: ======'machine_var_audits_switches_s_exit_shooter_lane'====== Args={'value': 348, 'prev_value': None, 'change': True}
2020-10-04 07:57:28,535 : INFO : EventManager : Event: ======'machine_var_audits_switches_s_inLane_L'====== Args={'value': 0, 'prev_value': None, 'change': True}
2020-10-04 07:57:28,536 : INFO : EventManager : Event: ======'machine_var_audits_switches_s_inLane_R'====== Args={'value': 0, 'prev_value': None, 'change': True}
2020-10-04 07:57:28,537 : INFO : EventManager : Event: ======'machine_var_audits_switches_s_kicker'====== Args={'value': 0, 'prev_value': None, 'change': True}
2020-10-04 07:57:28,538 : INFO : EventManager : Event: ======'machine_var_audits_switches_s_left_flipper'====== Args={'value': 151, 'prev_value': None, 'change': True}
2020-10-04 07:57:28,539 : INFO : EventManager : Event: ======'machine_var_audits_switches_s_midRight'====== Args={'value': 0, 'prev_value': None, 'change': True}
2020-10-04 07:57:28,540 : INFO : EventManager : Event: ======'machine_var_audits_switches_s_outLane_L'====== Args={'value': 0, 'prev_value': None, 'change': True}
2020-10-04 07:57:28,540 : INFO : EventManager : Event: ======'machine_var_audits_switches_s_outLane_R'====== Args={'value': 0, 'prev_value': None, 'change': True}
2020-10-04 07:57:28,541 : INFO : EventManager : Event: ======'machine_var_audits_switches_s_perdition'====== Args={'value': 0, 'prev_value': None, 'change': True}
2020-10-04 07:57:28,542 : INFO : EventManager : Event: ======'machine_var_audits_switches_s_playfield'====== Args={'value': 0, 'prev_value': None, 'change': True}
2020-10-04 07:57:28,543 : INFO : EventManager : Event: ======'machine_var_audits_switches_s_plunger'====== Args={'value': 536, 'prev_value': None, 'change': True}
2020-10-04 07:57:28,545 : INFO : EventManager : Event: ======'machine_var_audits_switches_s_popBumper_1'====== Args={'value': 463, 'prev_value': None, 'change': True}
2020-10-04 07:57:28,545 : INFO : EventManager : Event: ======'machine_var_audits_switches_s_popBumper_2'====== Args={'value': 438, 'prev_value': None, 'change': True}
2020-10-04 07:57:28,546 : INFO : EventManager : Event: ======'machine_var_audits_switches_s_popBumper_3'====== Args={'value': 162, 'prev_value': None, 'change': True}
2020-10-04 07:57:28,547 : INFO : EventManager : Event: ======'machine_var_audits_switches_s_pop_bumper1'====== Args={'value': 120, 'prev_value': None, 'change': True}
2020-10-04 07:57:28,548 : INFO : EventManager : Event: ======'machine_var_audits_switches_s_pop_bumper2'====== Args={'value': 153, 'prev_value': None, 'change': True}
2020-10-04 07:57:28,549 : INFO : EventManager : Event: ======'machine_var_audits_switches_s_pop_bumper3'====== Args={'value': 100, 'prev_value': None, 'change': True}
2020-10-04 07:57:28,550 : INFO : EventManager : Event: ======'machine_var_audits_switches_s_right_flipper'====== Args={'value': 216, 'prev_value': None, 'change': True}
2020-10-04 07:57:28,550 : INFO : EventManager : Event: ======'machine_var_audits_switches_s_sling_L'====== Args={'value': 0, 'prev_value': None, 'change': True}
2020-10-04 07:57:28,551 : INFO : EventManager : Event: ======'machine_var_audits_switches_s_sling_R'====== Args={'value': 0, 'prev_value': None, 'change': True}
2020-10-04 07:57:28,552 : INFO : EventManager : Event: ======'machine_var_audits_switches_s_soul_L'====== Args={'value': 61, 'prev_value': None, 'change': True}
2020-10-04 07:57:28,553 : INFO : EventManager : Event: ======'machine_var_audits_switches_s_soul_O'====== Args={'value': 70, 'prev_value': None, 'change': True}
2020-10-04 07:57:28,554 : INFO : EventManager : Event: ======'machine_var_audits_switches_s_soul_S'====== Args={'value': 75, 'prev_value': None, 'change': True}
2020-10-04 07:57:28,555 : INFO : EventManager : Event: ======'machine_var_audits_switches_s_soul_U'====== Args={'value': 65, 'prev_value': None, 'change': True}
2020-10-04 07:57:28,556 : INFO : EventManager : Event: ======'machine_var_audits_switches_s_standUp_1'====== Args={'value': 0, 'prev_value': None, 'change': True}
2020-10-04 07:57:28,557 : INFO : EventManager : Event: ======'machine_var_audits_switches_s_standUp_2'====== Args={'value': 0, 'prev_value': None, 'change': True}
2020-10-04 07:57:28,558 : INFO : EventManager : Event: ======'machine_var_audits_switches_s_standUp_3'====== Args={'value': 0, 'prev_value': None, 'change': True}
2020-10-04 07:57:28,559 : INFO : EventManager : Event: ======'machine_var_audits_switches_s_standUp_R'====== Args={'value': 0, 'prev_value': None, 'change': True}
2020-10-04 07:57:28,560 : INFO : EventManager : Event: ======'machine_var_audits_switches_s_star_1'====== Args={'value': 0, 'prev_value': None, 'change': True}
2020-10-04 07:57:28,562 : INFO : EventManager : Event: ======'machine_var_audits_switches_s_star_2'====== Args={'value': 0, 'prev_value': None, 'change': True}
2020-10-04 07:57:28,563 : INFO : EventManager : Event: ======'machine_var_audits_switches_s_star_3'====== Args={'value': 0, 'prev_value': None, 'change': True}
2020-10-04 07:57:28,564 : INFO : EventManager : Event: ======'machine_var_audits_switches_s_start'====== Args={'value': 68, 'prev_value': None, 'change': True}
2020-10-04 07:57:28,565 : INFO : EventManager : Event: ======'machine_var_audits_switches_s_tilt'====== Args={'value': 0, 'prev_value': None, 'change': True}
2020-10-04 07:57:28,566 : INFO : EventManager : Event: ======'machine_var_audits_switches_s_trough1'====== Args={'value': 508, 'prev_value': None, 'change': True}
2020-10-04 07:57:28,567 : INFO : EventManager : Event: ======'machine_var_audits_switches_s_trough2'====== Args={'value': 72, 'prev_value': None, 'change': True}
2020-10-04 07:57:28,568 : INFO : EventManager : Event: ======'machine_var_audits_switches_s_trough_jam'====== Args={'value': 13, 'prev_value': None, 'change': True}
2020-10-04 07:57:28,569 : INFO : EventManager : Event: ======'init_phase_5'====== Args={}
2020-10-04 07:57:28,601 : INFO : EventManager : Event: ======'init_done'====== Args={}
2020-10-04 07:57:28,603 : INFO : EventManager : Event: ======'machine_reset_phase_1'====== Args={}
2020-10-04 07:57:28,616 : INFO : EventManager : Event: ======'slide_welcome_slide_removed'====== Args={'_from_bcp': True}
2020-10-04 07:57:28,620 : INFO : EventManager : Event: ======'slide_welcome_slide_created'====== Args={'_from_bcp': True}
2020-10-04 07:57:28,623 : INFO : EventManager : Event: ======'machine_reset_phase_2'====== Args={}
2020-10-04 07:57:28,623 : INFO : EventManager : Event: ======'machine_reset_phase_3'====== Args={}
2020-10-04 07:57:28,624 : INFO : drop_target_bank.cup_bank : All targets are already up. Will not reset bank.
2020-10-04 07:57:28,624 : INFO : drop_target_bank.mug_bank : All targets are already up. Will not reset bank.
2020-10-04 07:57:28,624 : INFO : EventManager : Event: ======'reset_complete'====== Args={}
2020-10-04 07:57:28,624 : INFO : EventManager : Event: ======'mode_attract_will_start'====== Args={}
2020-10-04 07:57:28,626 : INFO : EventManager : Event: ======'mode_attract_starting'====== Args={}
2020-10-04 07:57:28,626 : INFO : Mode.attract : Started. Priority: 10
2020-10-04 07:57:28,627 : INFO : EventManager : Event: ======'modes_active_modes_changed'====== Args={}
2020-10-04 07:57:28,627 : INFO : EventManager : Event: ======'mode_attract_started'====== Args={}
2020-10-04 07:57:28,631 : INFO : EventManager : Event: ======'collecting_balls_complete'====== Args={}
2020-10-04 07:57:28,689 : INFO : EventManager : Event: ======'slide_welcome_slide_active'====== Args={'_from_bcp': True}
2020-10-04 07:57:28,690 : INFO : EventManager : Event: ======'slide_awesome_slide_created'====== Args={'_from_bcp': True}
2020-10-04 07:57:28,691 : INFO : EventManager : Event: ======'slide_awesome_slide_active'====== Args={'_from_bcp': True}
2020-10-04 07:57:28,691 : INFO : Machine : Starting the main run loop.
2020-10-04 07:57:29,201 : INFO : BcpServer : New client connected.
2020-10-04 07:57:29,486 : INFO : SwitchController : <<<<<<< 's_start' active >>>>>>>
2020-10-04 07:57:29,710 : INFO : SwitchController : <<<<<<< 's_start' inactive >>>>>>>
2020-10-04 07:57:29,710 : INFO : EventManager : Event: ======'request_to_start_game'====== Args={}
2020-10-04 07:57:29,711 : INFO : EventManager : Event: ======'game_start'====== Args={'buttons': [], 'hold_time': 0.21899999998277053}
2020-10-04 07:57:29,712 : INFO : EventManager : Event: ======'mode_game_will_start'====== Args={'buttons': [], 'hold_time': 0.21899999998277053}
2020-10-04 07:57:29,714 : INFO : EventManager : Event: ======'mode_game_starting'====== Args={'buttons': [], 'hold_time': 0.21899999998277053}
2020-10-04 07:57:29,715 : INFO : EventManager : Event: ======'mode_attract_will_stop'====== Args={}
2020-10-04 07:57:29,715 : INFO : EventManager : Event: ======'mode_attract_stopping'====== Args={}
2020-10-04 07:57:29,716 : INFO : Mode.attract : Stopped.
2020-10-04 07:57:29,716 : INFO : EventManager : Event: ======'modes_active_modes_changed'====== Args={}
2020-10-04 07:57:29,718 : INFO : EventManager : Event: ======'mode_attract_stopped'====== Args={}
2020-10-04 07:57:29,719 : INFO : EventManager : Event: ======'clear'====== Args={'key': 'attract'}
2020-10-04 07:57:29,720 : INFO : Mode.game : Started. Priority: 20
2020-10-04 07:57:29,720 : INFO : EventManager : Event: ======'modes_active_modes_changed'====== Args={}
2020-10-04 07:57:29,720 : INFO : EventManager : Event: ======'mode_game_started'====== Args={'buttons': [], 'hold_time': 0.21899999998277053}
2020-10-04 07:57:29,754 : INFO : EventManager : Event: ======'game_will_start'====== Args={}
2020-10-04 07:57:29,755 : INFO : EventManager : Event: ======'slide_awesome_slide_removed'====== Args={'_from_bcp': True}
2020-10-04 07:57:29,755 : INFO : EventManager : Event: ======'slide_welcome_slide_active'====== Args={'_from_bcp': True}
2020-10-04 07:57:29,767 : INFO : EventManager : Event: ======'game_starting'====== Args={'game': <Mode.game>}
2020-10-04 07:57:29,768 : INFO : EventManager : Event: ======'player_add_request'====== Args={}
2020-10-04 07:57:29,768 : INFO : EventManager : Event: ======'player_will_add'====== Args={'number': 1}
2020-10-04 07:57:29,769 : INFO : EventManager : Event: ======'player_adding'====== Args={'player': <Player 1>, 'number': 1}
2020-10-04 07:57:29,769 : INFO : EventManager : Event: ======'player_added'====== Args={'player': <Player 1>, 'num': 1}
2020-10-04 07:57:29,770 : INFO : Mode.game : Player added successfully. Total players: 1
2020-10-04 07:57:29,770 : INFO : EventManager : Event: ======'player_index'====== Args={'value': 0, 'prev_value': 0, 'change': 0, 'player_num': 1}
2020-10-04 07:57:29,771 : INFO : EventManager : Event: ======'player_number'====== Args={'value': 1, 'prev_value': 1, 'change': 0, 'player_num': 1}
2020-10-04 07:57:29,773 : INFO : EventManager : Event: ======'player_score'====== Args={'value': 0, 'prev_value': 0, 'change': 0, 'player_num': 1}
2020-10-04 07:57:29,774 : INFO : EventManager : Event: ======'game_started'====== Args={}
2020-10-04 07:57:29,798 : INFO : EventManager : Event: ======'player_turn_will_start'====== Args={'player': <Player 1>, 'number': 1}
2020-10-04 07:57:29,799 : INFO : EventManager : Event: ======'player_turn_starting'====== Args={'player': <Player 1>, 'number': 1}
2020-10-04 07:57:29,800 : INFO : EventManager : Event: ======'player_ball'====== Args={'value': 1, 'prev_value': 0, 'change': 1, 'player_num': 1}
2020-10-04 07:57:29,800 : INFO : EventManager : Event: ======'player_turn_started'====== Args={'player': <Player 1>, 'number': 1}
2020-10-04 07:57:29,802 : INFO : EventManager : Event: ======'ball_will_start'====== Args={'player': 1, 'ball': 1, 'balls_remaining': 4, 'is_extra_ball': False}
2020-10-04 07:57:29,828 : INFO : EventManager : Event: ======'ball_starting'====== Args={'player': 1, 'ball': 1, 'balls_remaining': 4, 'is_extra_ball': False}
2020-10-04 07:57:29,829 : INFO : EventManager : Event: ======'mode_base_will_start'====== Args={'queue': <QueuedEvent>, 'player': 1, 'ball': 1, 'balls_remaining': 4, 'is_extra_ball': False}
2020-10-04 07:57:29,834 : INFO : EventManager : Event: ======'mode_base_starting'====== Args={'queue': <QueuedEvent>, 'player': 1, 'ball': 1, 'balls_remaining': 4, 'is_extra_ball': False}
2020-10-04 07:57:29,835 : INFO : drop_target_bank.cup_bank : All targets are already up. Will not reset bank.
2020-10-04 07:57:29,835 : INFO : drop_target_bank.mug_bank : All targets are already up. Will not reset bank.
2020-10-04 07:57:29,836 : INFO : EventManager : Event: ======'balls_in_play'====== Args={'balls': 1}
2020-10-04 07:57:29,837 : INFO : EventManager : Event: ======'ball_started'====== Args={'player': 1, 'ball': 1, 'balls_remaining': 4, 'is_extra_ball': False}
2020-10-04 07:57:29,838 : INFO : EventManager : Event: ======'logicblock_bonus_updated'====== Args={'value': 0, 'enabled': True}
2020-10-04 07:57:29,839 : INFO : EventManager : Event: ======'logicblock_bonus_updated'====== Args={'value': 0, 'enabled': True}
2020-10-04 07:57:29,839 : INFO : Mode.base : Started. Priority: 100
2020-10-04 07:57:29,840 : INFO : EventManager : Event: ======'modes_active_modes_changed'====== Args={}
2020-10-04 07:57:29,840 : INFO : EventManager : Event: ======'mode_base_started'====== Args={'queue': <QueuedEvent>, 'player': 1, 'ball': 1, 'balls_remaining': 4, 'is_extra_ball': False}
2020-10-04 07:57:29,842 : INFO : EventManager : Event: ======'mode_soulLanes_will_start'====== Args={'player': 1, 'ball': 1, 'balls_remaining': 4, 'is_extra_ball': False}
2020-10-04 07:57:29,843 : INFO : EventManager : Event: ======'player_shot_soul_S_enabled'====== Args={'value': True, 'prev_value': 0, 'change': 1, 'player_num': 1}
2020-10-04 07:57:29,846 : INFO : EventManager : Event: ======'player_shot_soul_O_enabled'====== Args={'value': True, 'prev_value': 0, 'change': 1, 'player_num': 1}
2020-10-04 07:57:29,848 : INFO : EventManager : Event: ======'player_shot_soul_U_enabled'====== Args={'value': True, 'prev_value': 0, 'change': 1, 'player_num': 1}
2020-10-04 07:57:29,849 : INFO : EventManager : Event: ======'player_shot_soul_L_enabled'====== Args={'value': True, 'prev_value': 0, 'change': 1, 'player_num': 1}
2020-10-04 07:57:29,851 : INFO : EventManager : Event: ======'soul_lanes_complete'====== Args={'state': 'unlit'}
2020-10-04 07:57:29,852 : INFO : EventManager : Event: ======'soul_lanes_unlit_complete'====== Args={}
2020-10-04 07:57:29,855 : ERROR : asyncio : Exception in callback EventManager.process_event_queue()
handle: <Handle EventManager.process_event_queue()>
Traceback (most recent call last):
  File "c:\users\themi\appdata\local\programs\python\python36\lib\site-packages\mpf\core\events.py", line 683, in _run_handlers
    result = handler.callback(**merged_kwargs)
  File "c:\users\themi\appdata\local\programs\python\python36\lib\site-packages\mpf\core\mode.py", line 215, in start
    **item.kwargs)
  File "c:\users\themi\appdata\local\programs\python\python36\lib\site-packages\mpf\core\config_player.py", line 203, in mode_start
    event_keys = self.register_player_events(config, mode, priority)
  File "c:\users\themi\appdata\local\programs\python\python36\lib\site-packages\mpf\core\config_player.py", line 295, in register_player_events
    settings=settings))
  File "c:\users\themi\appdata\local\programs\python\python36\lib\site-packages\mpf\core\events.py", line 161, in add_handler
    'Did you mean "{name}_active"?'.format(name=event, handler=handler), 1)
  File "c:\users\themi\appdata\local\programs\python\python36\lib\site-packages\mpf\core\logging.py", line 171, in raise_config_error
    raise ConfigFileError(msg, error_no, self.log.name if self.log else "", context, self._url_base)
mpf.exceptions.config_file_error.ConfigFileError: Config File Error in EventManager: Switch name "s_soul_S" name used as event handler for <bound method ConfigPlayer.config_play_callback of ConfigPlayer.variable_player/variables>. Did you mean "s_soul_S_active"? Error Code: CFE-EventManager-1 (https://docs.missionpinball.org/en/dev/logs/CFE-EventManager-1.html)

The above exception was the direct cause of the following exception:

Traceback (most recent call last):
  File "c:\users\themi\appdata\local\programs\python\python36\lib\asyncio\events.py", line 145, in _run
    self._callback(*self._args)
  File "c:\users\themi\appdata\local\programs\python\python36\lib\site-packages\mpf\core\events.py", line 770, in process_event_queue
    **event[3])
  File "c:\users\themi\appdata\local\programs\python\python36\lib\site-packages\mpf\core\events.py", line 729, in _process_event
    result = self._run_handlers(event, ev_type, kwargs)
  File "c:\users\themi\appdata\local\programs\python\python36\lib\site-packages\mpf\core\events.py", line 685, in _run_handlers
    raise Exception("Exception while processing {} for event {}".format(handler, event)) from e
Exception: Exception while processing RegisteredHandler(callback=<bound method Mode.start of <Mode.soulLanes>>, priority=110, kwargs={}, key=UUID('d416d73f-ca5c-4560-b3bf-deb616982e3a'), condition=None, blocking_facility=None) for event ball_started
2020-10-04 07:57:29,939 : INFO : Machine : Shutting down...
2020-10-04 07:57:29,940 : INFO : EventManager : Event: ======'shutdown'====== Args={}
2020-10-04 07:57:29,950 : ERROR : Machine : Runtime Exception
Traceback (most recent call last):
  File "c:\users\themi\appdata\local\programs\python\python36\lib\site-packages\mpf\core\events.py", line 683, in _run_handlers
    result = handler.callback(**merged_kwargs)
  File "c:\users\themi\appdata\local\programs\python\python36\lib\site-packages\mpf\core\mode.py", line 215, in start
    **item.kwargs)
  File "c:\users\themi\appdata\local\programs\python\python36\lib\site-packages\mpf\core\config_player.py", line 203, in mode_start
    event_keys = self.register_player_events(config, mode, priority)
  File "c:\users\themi\appdata\local\programs\python\python36\lib\site-packages\mpf\core\config_player.py", line 295, in register_player_events
    settings=settings))
  File "c:\users\themi\appdata\local\programs\python\python36\lib\site-packages\mpf\core\events.py", line 161, in add_handler
    'Did you mean "{name}_active"?'.format(name=event, handler=handler), 1)
  File "c:\users\themi\appdata\local\programs\python\python36\lib\site-packages\mpf\core\logging.py", line 171, in raise_config_error
    raise ConfigFileError(msg, error_no, self.log.name if self.log else "", context, self._url_base)
mpf.exceptions.config_file_error.ConfigFileError: Config File Error in EventManager: Switch name "s_soul_S" name used as event handler for <bound method ConfigPlayer.config_play_callback of ConfigPlayer.variable_player/variables>. Did you mean "s_soul_S_active"? Error Code: CFE-EventManager-1 (https://docs.missionpinball.org/en/dev/logs/CFE-EventManager-1.html)

The above exception was the direct cause of the following exception:

Traceback (most recent call last):
  File "c:\users\themi\appdata\local\programs\python\python36\lib\site-packages\mpf\core\machine.py", line 745, in _run_loop
    raise self._exception['exception']
  File "c:\users\themi\appdata\local\programs\python\python36\lib\asyncio\events.py", line 145, in _run
    self._callback(*self._args)
  File "c:\users\themi\appdata\local\programs\python\python36\lib\site-packages\mpf\core\events.py", line 770, in process_event_queue
    **event[3])
  File "c:\users\themi\appdata\local\programs\python\python36\lib\site-packages\mpf\core\events.py", line 729, in _process_event
    result = self._run_handlers(event, ev_type, kwargs)
  File "c:\users\themi\appdata\local\programs\python\python36\lib\site-packages\mpf\core\events.py", line 685, in _run_handlers
    raise Exception("Exception while processing {} for event {}".format(handler, event)) from e
Exception: Exception while processing RegisteredHandler(callback=<bound method Mode.start of <Mode.soulLanes>>, priority=110, kwargs={}, key=UUID('d416d73f-ca5c-4560-b3bf-deb616982e3a'), condition=None, blocking_facility=None) for event ball_started
2020-10-04 07:57:29,997 : INFO : root : MPF run loop ended.
